OK.  First I tried to do debug, so we can see if that worked.  And then I tried to play a video, and that crashed and gave the following  crash report:-------------------------------------
Translated Report (Full Report Below)
-------------------------------------
Process:             StereoPlayer3D [19683]
Path:                /Applications/StereoPlayer3D.app/Contents/MacOS/StereoPlayer3D
Identifier:          com.stereo3d.player
Version:             1.0 (1.0)
Code Type:           ARM-64 (Native)
Role:                Foreground
Parent Process:      launchd [1]
Coalition:           com.stereo3d.player [11068]
User ID:             501

Date/Time:           2026-06-22 23:00:13.9060 +0100
Launch Time:         2026-06-22 22:59:07.3199 +0100
Hardware Model:      Mac17,7
OS Version:          macOS 26.5.1 (25F80)
Release Type:        User

Crash Reporter Key:  0D4BB19A-BB04-6AF1-2C71-3C60BBDBC6E8
Incident Identifier: 3107A841-EDEE-45FC-946E-6545672F8825

Sleep/Wake UUID:       063B32B9-4332-4FD1-992E-56C6A3A5C7C7

Time Awake Since Boot: 100000 seconds
Time Since Wake:       99965 seconds

System Integrity Protection: enabled

Triggered by Thread: 0, Dispatch Queue: com.apple.main-thread

Exception Type:    EXC_BAD_ACCESS (SIGSEGV)
Exception Subtype: KERN_INVALID_ADDRESS at 0x0000000000000000
Exception Codes:   0x0000000000000001, 0x0000000000000000

Termination Reason:  Namespace SIGNAL, Code 11, Segmentation fault: 11
Terminating Process: exc handler [19683]


VM Region Info: 0 is not in any region.  Bytes before following region: 4295704576
      REGION TYPE                    START - END         [ VSIZE] PRT/MAX SHRMOD  REGION DETAIL
      UNUSED SPACE AT START
--->  
      __TEXT                      1000b4000-1000e4000    [  192K] r-x/r-x SM=COW  /Applications/StereoPlayer3D.app/Contents/MacOS/StereoPlayer3D

Thread 0 Crashed::  Dispatch queue: com.apple.main-thread
0   AGXMetalG17X                  	       0x11d84bb78 <deduplicated_symbol> + 68
1   AGXMetalG17X                  	       0x11dd982dc void AGX::Texture<(AGXTextureMemoryLayout)4, AGX::HAL300::Encoders, AGX::HAL300::Classes>::processCompressedRegion2D<AGX::AppleCompressionGen2::Compressor<(AGX::AppleCompressionGen2::PixelFormat)15, 1u, (unsigned char)1, (AGX::AppleCompressionGen2::SubblockOrder)0, (AGXTextureFootprint)0>, false, (AGXHardwareTextureMemoryOrder)2>(void*, void const*, void*, MTLPixelFormat, unsigned int, unsigned int, unsigned int, unsigned int, unsigned int, unsigned int, unsigned long, unsigned int, unsigned int) const + 1916
2   AGXMetalG17X                  	       0x11dd57df4 AGX::Texture<(AGXTextureMemoryLayout)4, AGX::HAL300::Encoders, AGX::HAL300::Classes>::writeRegion(unsigned int, unsigned int, unsigned int, unsigned int, unsigned int, unsigned int, unsigned int, unsigned int, unsigned int, void*, unsigned long, unsigned long) + 1680
3   AGXMetalG17X                  	       0x11dd57758 -[AGXG17XFamilyTexture replaceRegion:mipmapLevel:slice:withBytes:bytesPerRow:bytesPerImage:] + 92
4   IOGPU                         	       0x1a5df6a38 -[IOGPUMetalTexture replaceRegion:mipmapLevel:withBytes:bytesPerRow:] + 56
5   StereoPlayer3D                	       0x1000baf78 MetalPipeline.createTexture(fromPixelBuffer:pixelFormat:) + 272 (MetalPipeline.swift:91)
6   StereoPlayer3D                	       0x1000be1ac MetalPipeline.packageAll(videoFrame:depthMap:) + 8 (MetalPipeline.swift:319) [inlined]
7   StereoPlayer3D                	       0x1000be1ac specialized MetalRendererView.draw(in:) + 520 (MetalRendererView.swift:248)
8   StereoPlayer3D                	       0x1000bdbe8 MetalRendererView.draw(in:) + 4 [inlined]
9   StereoPlayer3D                	       0x1000bdbe8 @objc MetalRendererView.draw(in:) + 48 (/<compiler-generated>:217)
10  MetalKit                      	       0x196d13588 -[MTKView draw] + 268
11  MetalKit                      	       0x196d1345c __23-[MTKView __initCommon]_block_invoke + 40
12  libdispatch.dylib             	       0x180a984b0 _dispatch_client_callout + 16
13  libdispatch.dylib             	       0x180a831c8 _dispatch_continuation_pop + 596
14  libdispatch.dylib             	       0x180a961b0 _dispatch_source_latch_and_call + 392
15  libdispatch.dylib             	       0x180a94e84 _dispatch_source_invoke + 844
16  libdispatch.dylib             	       0x180ab6314 _dispatch_main_queue_drain.cold.6 + 612
17  libdispatch.dylib             	       0x180a8d9e4 _dispatch_main_queue_drain + 176
18  libdispatch.dylib             	       0x180a8d924 _dispatch_main_queue_callback_4CF + 44
19  CoreFoundation                	       0x180d33724 __CFRUNLOOP_IS_SERVICING_THE_MAIN_DISPATCH_QUEUE__ + 16
20  CoreFoundation                	       0x180cf5cb8 __CFRunLoopRun + 1944
21  CoreFoundation                	       0x180dc81c4 _CFRunLoopRunSpecificWithOptions + 532
22  HIToolbox                     	       0x18dadb560 RunCurrentEventLoopInMode + 320
23  HIToolbox                     	       0x18dade8bc ReceiveNextEventCommon + 488
24  HIToolbox                     	       0x18dc6814c _BlockUntilNextEventMatchingListInMode + 48
25  AppKit                        	       0x1857d035c _DPSBlockUntilNextEventMatchingListInMode + 228
26  AppKit                        	       0x185124084 _DPSNextEvent + 576
27  AppKit                        	       0x185cb98b0 -[NSApplication(NSEventRouting) _nextEventMatchingEventMask:untilDate:inMode:dequeue:] + 688
28  AppKit                        	       0x185cb95bc -[NSApplication(NSEventRouting) nextEventMatchingMask:untilDate:inMode:dequeue:] + 72
29  AppKit                        	       0x18511713c -[NSApplication run] + 368
30  AppKit                        	       0x1850ef7b0 NSApplicationMain + 880
31  SwiftUI                       	       0x1b5a6247c specialized runApp(_:) + 140
32  SwiftUI                       	       0x1b5e184a4 runApp<A>(_:) + 104
33  SwiftUI                       	       0x1b60e4344 static App.main() + 224
34  StereoPlayer3D                	       0x1000c5380 static StereoPlayer3DApp.$main() + 24 [inlined]
35  StereoPlayer3D                	       0x1000c5380 StereoPlayer3D_main + 36
36  dyld                          	       0x18087be00 start + 6992

Thread 1:: com.apple.NSEventThread
0   libsystem_kernel.dylib        	       0x180bf5c34 mach_msg2_trap + 8
1   libsystem_kernel.dylib        	       0x180c08574 mach_msg2_internal + 76
2   libsystem_kernel.dylib        	       0x180bfe9c0 mach_msg_overwrite + 480
3   libsystem_kernel.dylib        	       0x180bf5fc0 mach_msg + 24
4   CoreFoundation                	       0x180cf70d8 __CFRunLoopServiceMachPort + 160
5   CoreFoundation                	       0x180cf59c4 __CFRunLoopRun + 1188
6   CoreFoundation                	       0x180dc81c4 _CFRunLoopRunSpecificWithOptions + 532
7   AppKit                        	       0x185245c7c _NSEventThread + 184
8   libsystem_pthread.dylib       	       0x180c39c58 _pthread_start + 136
9   libsystem_pthread.dylib       	       0x180c34c1c thread_start + 8

Thread 2::  Dispatch queue: com.apple.root.user-interactive-qos
0   libsystem_kernel.dylib        	       0x180bf5c34 mach_msg2_trap + 8
1   libsystem_kernel.dylib        	       0x180c08574 mach_msg2_internal + 76
2   libsystem_kernel.dylib        	       0x180bfe9c0 mach_msg_overwrite + 480
3   libsystem_kernel.dylib        	       0x180bf5fc0 mach_msg + 24
4   CoreFoundation                	       0x180cf70d8 __CFRunLoopServiceMachPort + 160
5   CoreFoundation                	       0x180cf59c4 __CFRunLoopRun + 1188
6   CoreFoundation                	       0x180dc81c4 _CFRunLoopRunSpecificWithOptions + 532
7   Foundation                    	       0x18253fb44 -[NSRunLoop(NSRunLoop) runMode:beforeDate:] + 212
8   AppKit                        	       0x1858f60cc -[NSAnimation _runBlocking] + 412
9   libdispatch.dylib             	       0x180a7ea28 _dispatch_call_block_and_release + 32
10  libdispatch.dylib             	       0x180a984b0 _dispatch_client_callout + 16
11  libdispatch.dylib             	       0x180ab5d6c <deduplicated_symbol> + 28
12  libdispatch.dylib             	       0x180a90adc _dispatch_root_queue_drain + 708
13  libdispatch.dylib             	       0x180a91120 _dispatch_worker_thread2 + 184
14  libsystem_pthread.dylib       	       0x180c35e84 _pthread_wqthread + 232
15  libsystem_pthread.dylib       	       0x180c34c10 start_wqthread + 8

Thread 3:

Thread 4:: HIE: M_ 70364851aca946ad 2026-06-22 22:59:39.374
0   libsystem_kernel.dylib        	       0x180bf5c34 mach_msg2_trap + 8
1   libsystem_kernel.dylib        	       0x180c08574 mach_msg2_internal + 76
2   libsystem_kernel.dylib        	       0x180c26114 thread_suspend + 108
3   HIServices                    	       0x18830c3e0 SOME_OTHER_THREAD_SWALLOWED_AT_LEAST_ONE_EXCEPTION + 20
4   Foundation                    	       0x182539a90 __NSThread__start__ + 732
5   libsystem_pthread.dylib       	       0x180c39c58 _pthread_start + 136
6   libsystem_pthread.dylib       	       0x180c34c1c thread_start + 8

Thread 5:

Thread 6:

Thread 7:: com.apple.coremedia.sharedRootQueue.48
0   libsystem_kernel.dylib        	       0x180bf5bc8 semaphore_timedwait_trap + 8
1   libdispatch.dylib             	       0x180ab3db8 _dispatch_sema4_timedwait + 64
2   libdispatch.dylib             	       0x180a80ae8 _dispatch_semaphore_wait_slow + 76
3   libdispatch.dylib             	       0x180a9077c _dispatch_worker_thread + 324
4   libsystem_pthread.dylib       	       0x180c39c58 _pthread_start + 136
5   libsystem_pthread.dylib       	       0x180c34c1c thread_start + 8

Thread 8:: com.apple.coremedia.sharedRootQueue.49
0   libsystem_kernel.dylib        	       0x180bf5bc8 semaphore_timedwait_trap + 8
1   libdispatch.dylib             	       0x180ab3db8 _dispatch_sema4_timedwait + 64
2   libdispatch.dylib             	       0x180a80ae8 _dispatch_semaphore_wait_slow + 76
3   libdispatch.dylib             	       0x180a9077c _dispatch_worker_thread + 324
4   libsystem_pthread.dylib       	       0x180c39c58 _pthread_start + 136
5   libsystem_pthread.dylib       	       0x180c34c1c thread_start + 8

Thread 9:: com.apple.coremedia.sharedRootQueue.47
0   libsystem_kernel.dylib        	       0x180bf5bc8 semaphore_timedwait_trap + 8
1   libdispatch.dylib             	       0x180ab3db8 _dispatch_sema4_timedwait + 64
2   libdispatch.dylib             	       0x180a80ae8 _dispatch_semaphore_wait_slow + 76
3   libdispatch.dylib             	       0x180a9077c _dispatch_worker_thread + 324
4   libsystem_pthread.dylib       	       0x180c39c58 _pthread_start + 136
5   libsystem_pthread.dylib       	       0x180c34c1c thread_start + 8

Thread 10:: com.apple.coremedia.sharedRootQueue.48
0   libsystem_kernel.dylib        	       0x180bf5bc8 semaphore_timedwait_trap + 8
1   libdispatch.dylib             	       0x180ab3db8 _dispatch_sema4_timedwait + 64
2   libdispatch.dylib             	       0x180a80ae8 _dispatch_semaphore_wait_slow + 76
3   libdispatch.dylib             	       0x180a9077c _dispatch_worker_thread + 324
4   libsystem_pthread.dylib       	       0x180c39c58 _pthread_start + 136
5   libsystem_pthread.dylib       	       0x180c34c1c thread_start + 8

Thread 11:: com.apple.coremedia.sharedRootQueue.47
0   libsystem_kernel.dylib        	       0x180bf5bc8 semaphore_timedwait_trap + 8
1   libdispatch.dylib             	       0x180ab3db8 _dispatch_sema4_timedwait + 64
2   libdispatch.dylib             	       0x180a80ae8 _dispatch_semaphore_wait_slow + 76
3   libdispatch.dylib             	       0x180a9077c _dispatch_worker_thread + 324
4   libsystem_pthread.dylib       	       0x180c39c58 _pthread_start + 136
5   libsystem_pthread.dylib       	       0x180c34c1c thread_start + 8

Thread 12:: com.apple.coremedia.sharedRootQueue.47
0   libsystem_kernel.dylib        	       0x180bf5bc8 semaphore_timedwait_trap + 8
1   libdispatch.dylib             	       0x180ab3db8 _dispatch_sema4_timedwait + 64
2   libdispatch.dylib             	       0x180a80ae8 _dispatch_semaphore_wait_slow + 76
3   libdispatch.dylib             	       0x180a9077c _dispatch_worker_thread + 324
4   libsystem_pthread.dylib       	       0x180c39c58 _pthread_start + 136
5   libsystem_pthread.dylib       	       0x180c34c1c thread_start + 8

Thread 13:: com.apple.coremedia.videomediaconverter
0   libsystem_kernel.dylib        	       0x180bf950c __psynch_cvwait + 8
1   libsystem_pthread.dylib       	       0x180c3a128 _pthread_cond_wait + 980
2   CoreMedia                     	       0x18d5cc63c WaitOnCondition + 72
3   CoreMedia                     	       0x18d5b66c0 FigSemaphoreWaitRelative + 144
4   MediaToolbox                  	       0x193ba337c 0x1937e9000 + 3908476
5   CoreMedia                     	       0x18d5cae54 figThreadMain + 224
6   libsystem_pthread.dylib       	       0x180c39c58 _pthread_start + 136
7   libsystem_pthread.dylib       	       0x180c34c1c thread_start + 8

Thread 14:: com.apple.coremedia.videomentor
0   libsystem_kernel.dylib        	       0x180bf950c __psynch_cvwait + 8
1   libsystem_pthread.dylib       	       0x180c3a128 _pthread_cond_wait + 980
2   CoreMedia                     	       0x18d5cc63c WaitOnCondition + 72
3   CoreMedia                     	       0x18d5b66c0 FigSemaphoreWaitRelative + 144
4   MediaToolbox                  	       0x193a3bb08 0x1937e9000 + 2435848
5   MediaToolbox                  	       0x193a3729c 0x1937e9000 + 2417308
6   MediaToolbox                  	       0x193f19628 0x1937e9000 + 7538216
7   MediaToolbox                  	       0x193a314c4 0x1937e9000 + 2393284
8   CoreMedia                     	       0x18d5cae54 figThreadMain + 224
9   libsystem_pthread.dylib       	       0x180c39c58 _pthread_start + 136
10  libsystem_pthread.dylib       	       0x180c34c1c thread_start + 8

Thread 15:: CVDisplayLink
0   libsystem_kernel.dylib        	       0x180bf950c __psynch_cvwait + 8
1   libsystem_pthread.dylib       	       0x180c3a154 _pthread_cond_wait + 1024
2   CoreVideo                     	       0x18b5f8b44 CVDisplayLink::waitUntil(unsigned long long) + 336
3   CoreVideo                     	       0x18b5f7c2c CVDisplayLink::runIOThread() + 452
4   libsystem_pthread.dylib       	       0x180c39c58 _pthread_start + 136
5   libsystem_pthread.dylib       	       0x180c34c1c thread_start + 8

Thread 16:

Thread 17:


Thread 0 crashed with ARM Thread State (64-bit):
    x0: 0x0000000122744000   x1: 0x0000000000001e00   x2: 0x0000000000000000   x3: 0x00000000007f8000
    x4: 0x0000000000000010   x5: 0x0000000000000010   x6: 0x0000000000000000   x7: 0x0000000000000000
    x8: 0x0000000000003c00   x9: 0x0000000000000000  x10: 0x0000000122745e00  x11: 0x0000000000000000
   x12: 0x0000000122744000  x13: 0x0000000000000080  x14: 0x0000000000000007  x15: 0x0000000000000000
   x16: 0x0000000000000000  x17: 0x0000000000000000  x18: 0x0000000000000000  x19: 0x0000000000000000
   x20: 0x00000000007f8000  x21: 0x0000000000000438  x22: 0x00000000ffffffff  x23: 0x0000000000000010
   x24: 0x0000000000000000  x25: 0x0000000122744000  x26: 0x0000000000000000  x27: 0x0000000000000000
   x28: 0x0000000000000000   fp: 0x000000016fd49140   lr: 0x000000011dd982dc
    sp: 0x000000016fd486a0   pc: 0x000000011d84bb78 cpsr: 0x00000000
   far: 0x0000000000000000  esr: 0x92000046 (Data Abort) byte write Translation fault

Binary Images:
       0x1000b4000 -        0x1000e3fff com.stereo3d.player (1.0) <a3e66d61-1a99-3313-a7cb-407ebdd2ddf8> /Applications/StereoPlayer3D.app/Contents/MacOS/StereoPlayer3D
       0x100504000 -        0x10050ffff libobjc-trampolines.dylib (*) <ca58aa96-b997-3a6d-9132-19d49be4b3e9> /usr/lib/libobjc-trampolines.dylib
       0x11d81c000 -        0x11e1d7fff com.apple.AGXMetalG17X (351.2) <81e8aeac-3aa5-3303-a8d0-b18b74a6d94b> /System/Library/Extensions/AGXMetalG17X.bundle/Contents/MacOS/AGXMetalG17X
       0x1249d0000 -        0x125347fff com.apple.audio.codecs.Components (7.0) <0f483193-d206-362b-9874-0100bccb9cbd> /System/Library/Components/AudioCodecs.component/Contents/MacOS/AudioCodecs
       0x1a5ddc000 -        0x1a5e2d3bf com.apple.IOGPU (130.13) <fd5f1640-117e-34d6-a25b-8c171f05f2eb> /System/Library/PrivateFrameworks/IOGPU.framework/Versions/A/IOGPU
       0x196d11000 -        0x196d2f4bf com.apple.MetalKit (173.7) <3363cca6-8191-39c6-b60e-f92bedbe0497> /System/Library/Frameworks/MetalKit.framework/Versions/A/MetalKit
       0x180a7d000 -        0x180ac423f libdispatch.dylib (*) <f071efe4-299f-3089-acc4-0025b8ffb52a> /usr/lib/system/libdispatch.dylib
       0x180c79000 -        0x1811d731f com.apple.CoreFoundation (6.9) <04e3598b-f226-3250-b3b2-ce938dd4db7e> /System/Library/Frameworks/CoreFoundation.framework/Versions/A/CoreFoundation
       0x18da1e000 -        0x18dd1911f com.apple.HIToolbox (2.1.1) <8716490e-acc2-3688-8c2f-5ca42b4c9da9> /System/Library/Frameworks/Carbon.framework/Versions/A/Frameworks/HIToolbox.framework/Versions/A/HIToolbox
       0x1850eb000 -        0x18680df9f com.apple.AppKit (6.9) <cf57a4fc-4be3-3d95-b543-d744e8718b26> /System/Library/Frameworks/AppKit.framework/Versions/C/AppKit
       0x1b5957000 -        0x1b70a077f com.apple.SwiftUI (7.5.3) <90f7fa24-a280-3e8a-a62d-148b11bfc28d> /System/Library/Frameworks/SwiftUI.framework/Versions/A/SwiftUI
       0x18085c000 -        0x180902217 dyld (*) <a237ef81-b68b-37ba-a165-92c965529534> /usr/lib/dyld
               0x0 - 0xffffffffffffffff ??? (*) <00000000-0000-0000-0000-000000000000> ???
       0x180bf5000 -        0x180c322af libsystem_kernel.dylib (*) <cc1cf985-bc65-3725-809f-4c1e36b8f4ba> /usr/lib/system/libsystem_kernel.dylib
       0x180c33000 -        0x180c3fb3b libsystem_pthread.dylib (*) <4f33683c-18c8-39a1-800b-2e3bd43bcc13> /usr/lib/system/libsystem_pthread.dylib
       0x1824e6000 -        0x1834c841f com.apple.Foundation (6.9) <49dd529f-1708-3767-997b-1a4639a07536> /System/Library/Frameworks/Foundation.framework/Versions/C/Foundation
       0x1882d6000 -        0x18834135f com.apple.HIServices (1.22) <34c40608-353d-3a06-bbf1-6b927cb8b39d> /System/Library/Frameworks/ApplicationServices.framework/Versions/A/Frameworks/HIServices.framework/Versions/A/HIServices
       0x18d5ac000 -        0x18d74d29f com.apple.CoreMedia (1.0) <a762a5d3-6049-3849-891b-5805936dac48> /System/Library/Frameworks/CoreMedia.framework/Versions/A/CoreMedia
       0x1937e9000 -        0x19428875f com.apple.MediaToolbox (1.0) <12cc95b3-944f-309c-b13e-d16aa459f1f0> /System/Library/Frameworks/MediaToolbox.framework/Versions/A/MediaToolbox
       0x18b5f5000 -        0x18b67585f com.apple.CoreVideo (1.8) <8a36cb95-d65e-3838-8837-22fd9a7e3d9c> /System/Library/Frameworks/CoreVideo.framework/Versions/A/CoreVideo

External Modification Summary:
  Calls made by other processes targeting this process:
    task_for_pid: 0
    thread_create: 0
    thread_set_state: 0
  Calls made by this process:
    task_for_pid: 0
    thread_create: 0
    thread_set_state: 0
  Calls made by all processes on this machine:
    task_for_pid: 0
    thread_create: 0
    thread_set_state: 0

VM Region Summary:
ReadOnly portion of Libraries: Total=1.8G resident=0K(0%) swapped_out_or_unallocated=1.8G(100%)
Writable regions: Total=314.6M written=769K(0%) resident=769K(0%) swapped_out=0K(0%) unallocated=313.9M(100%)

                                VIRTUAL   REGION 
REGION TYPE                        SIZE    COUNT (non-coalesced) 
===========                     =======  ======= 
Accelerate framework               128K        1 
Activity Tracing                   256K        1 
AttributeGraph Data               1024K        1 
CG image                           352K        8 
ColorSync                           16K        1 
CoreAnimation                      992K       48 
CoreGraphics                        48K        3 
CoreMedia memory pool              336K        3 
CoreUI image data                  624K        5 
Dispatch continuations           144.0M        2 
Foundation                          16K        1 
Kernel Alloc Once                   32K        1 
MALLOC                            85.8M       29 
MALLOC guard page                 3536K        4 
Memory Tag 22                     64.0M        1 
STACK GUARD                       56.3M       18 
Stack                             17.0M       18 
VM_ALLOCATE                        112K        7 
__AUTH                            6345K      661 
__AUTH_CONST                      92.7M     1054 
__CTF                               824        1 
__DATA                            38.7M     1001 
__DATA_CONST                      35.2M     1062 
__DATA_DIRTY                      9185K      906 
__FONT_DATA                        2352        1 
__LINKEDIT                       577.2M        5 
__OBJC_RO                         79.1M        1 
__OBJC_RW                         2599K        1 
__TEXT                             1.3G     1084 
__TPRO_CONST                       128K        2 
mapped file                      310.9M       41 
page table in kernel               769K        1 
shared memory                     1440K       16 
===========                     =======  ======= 
TOTAL                              2.8G     5989 


-----------
Full Report
-----------

{"app_name":"StereoPlayer3D","timestamp":"2026-06-22 23:00:15.00 +0100","app_version":"1.0","slice_uuid":"a3e66d61-1a99-3313-a7cb-407ebdd2ddf8","build_version":"1.0","platform":1,"bundleID":"com.stereo3d.player","share_with_app_devs":0,"is_first_party":0,"bug_type":"309","os_version":"macOS 26.5.1 (25F80)","roots_installed":0,"name":"StereoPlayer3D","incident_id":"3107A841-EDEE-45FC-946E-6545672F8825"}
{
  "uptime" : 100000,
  "procRole" : "Foreground",
  "version" : 2,
  "userID" : 501,
  "deployVersion" : 210,
  "modelCode" : "Mac17,7",
  "coalitionID" : 11068,
  "osVersion" : {
    "train" : "macOS 26.5.1",
    "build" : "25F80",
    "releaseType" : "User"
  },
  "captureTime" : "2026-06-22 23:00:13.9060 +0100",
  "codeSigningMonitor" : 2,
  "incident" : "3107A841-EDEE-45FC-946E-6545672F8825",
  "pid" : 19683,
  "translated" : false,
  "cpuType" : "ARM-64",
  "procLaunch" : "2026-06-22 22:59:07.3199 +0100",
  "procStartAbsTime" : 2427247567065,
  "procExitAbsTime" : 2428845580617,
  "procName" : "StereoPlayer3D",
  "procPath" : "\/Applications\/StereoPlayer3D.app\/Contents\/MacOS\/StereoPlayer3D",
  "bundleInfo" : {"CFBundleShortVersionString":"1.0","CFBundleVersion":"1.0","CFBundleIdentifier":"com.stereo3d.player"},
  "storeInfo" : {"deviceIdentifierForVendor":"ED81CDA9-13C7-5B46-862C-39ED4D5036B7","thirdParty":true},
  "parentProc" : "launchd",
  "parentPid" : 1,
  "coalitionName" : "com.stereo3d.player",
  "crashReporterKey" : "0D4BB19A-BB04-6AF1-2C71-3C60BBDBC6E8",
  "appleIntelligenceStatus" : {"state":"unavailable","reasons":["assetIsNotReady","notOptedIn"]},
  "developerMode" : 1,
  "codeSigningID" : "com.stereo3d.player",
  "codeSigningTeamID" : "",
  "codeSigningFlags" : 570425857,
  "codeSigningValidationCategory" : 10,
  "codeSigningTrustLevel" : 4294967295,
  "codeSigningAuxiliaryInfo" : 0,
  "instructionByteStream" : {"beforePC":"Qq1ATAQ4wk4FeMJOJjjDTid4w04grcFMIq1ATBA4wk4ReMJO6QMCqg==","atPC":"JK2fTCQ4w04wrQBMSQABkSatAEwleMNOSYABkSStAExCAAKR6w+AUg=="},
  "bootSessionUUID" : "19C2FE04-8BD0-4A89-9D55-BE83DFE32D90",
  "wakeTime" : 99965,
  "sleepWakeUUID" : "063B32B9-4332-4FD1-992E-56C6A3A5C7C7",
  "sip" : "enabled",
  "vmRegionInfo" : "0 is not in any region.  Bytes before following region: 4295704576\n      REGION TYPE                    START - END         [ VSIZE] PRT\/MAX SHRMOD  REGION DETAIL\n      UNUSED SPACE AT START\n--->  \n      __TEXT                      1000b4000-1000e4000    [  192K] r-x\/r-x SM=COW  \/Applications\/StereoPlayer3D.app\/Contents\/MacOS\/StereoPlayer3D",
  "exception" : {"codes":"0x0000000000000001, 0x0000000000000000","rawCodes":[1,0],"type":"EXC_BAD_ACCESS","signal":"SIGSEGV","subtype":"KERN_INVALID_ADDRESS at 0x0000000000000000"},
  "termination" : {"flags":0,"code":11,"namespace":"SIGNAL","indicator":"Segmentation fault: 11","byProc":"exc handler","byPid":19683},
  "vmregioninfo" : "0 is not in any region.  Bytes before following region: 4295704576\n      REGION TYPE                    START - END         [ VSIZE] PRT\/MAX SHRMOD  REGION DETAIL\n      UNUSED SPACE AT START\n--->  \n      __TEXT                      1000b4000-1000e4000    [  192K] r-x\/r-x SM=COW  \/Applications\/StereoPlayer3D.app\/Contents\/MacOS\/StereoPlayer3D",
  "extMods" : {"caller":{"thread_create":0,"thread_set_state":0,"task_for_pid":0},"system":{"thread_create":0,"thread_set_state":0,"task_for_pid":0},"targeted":{"thread_create":0,"thread_set_state":0,"task_for_pid":0},"warnings":0},
  "faultingThread" : 0,
  "threads" : [{"triggered":true,"id":1199767,"threadState":{"x":[{"value":4873011200},{"value":7680},{"value":0},{"value":8355840},{"value":16},{"value":16},{"value":0},{"value":0},{"value":15360},{"value":0},{"value":4873018880},{"value":0},{"value":4873011200},{"value":128},{"value":7},{"value":0},{"value":0},{"value":0},{"value":0},{"value":0},{"value":8355840},{"value":1080},{"value":4294967295},{"value":16},{"value":0},{"value":4873011200},{"value":0},{"value":0},{"value":0}],"flavor":"ARM_THREAD_STATE64","lr":{"value":4795761372},"cpsr":{"value":0},"fp":{"value":6171169088},"sp":{"value":6171166368},"esr":{"value":2449473606,"description":"(Data Abort) byte write Translation fault"},"pc":{"value":4790205304,"matchesCrashFrame":1},"far":{"value":0}},"queue":"com.apple.main-thread","frames":[{"imageOffset":195448,"symbol":"<deduplicated_symbol>","symbolLocation":68,"imageIndex":2},{"imageOffset":5751516,"symbol":"void AGX::Texture<(AGXTextureMemoryLayout)4, AGX::HAL300::Encoders, AGX::HAL300::Classes>::processCompressedRegion2D<AGX::AppleCompressionGen2::Compressor<(AGX::AppleCompressionGen2::PixelFormat)15, 1u, (unsigned char)1, (AGX::AppleCompressionGen2::SubblockOrder)0, (AGXTextureFootprint)0>, false, (AGXHardwareTextureMemoryOrder)2>(void*, void const*, void*, MTLPixelFormat, unsigned int, unsigned int, unsigned int, unsigned int, unsigned int, unsigned int, unsigned long, unsigned int, unsigned int) const","symbolLocation":1916,"imageIndex":2},{"imageOffset":5488116,"symbol":"AGX::Texture<(AGXTextureMemoryLayout)4, AGX::HAL300::Encoders, AGX::HAL300::Classes>::writeRegion(unsigned int, unsigned int, unsigned int, unsigned int, unsigned int, unsigned int, unsigned int, unsigned int, unsigned int, void*, unsigned long, unsigned long)","symbolLocation":1680,"imageIndex":2},{"imageOffset":5486424,"symbol":"-[AGXG17XFamilyTexture replaceRegion:mipmapLevel:slice:withBytes:bytesPerRow:bytesPerImage:]","symbolLocation":92,"imageIndex":2},{"imageOffset":109112,"symbol":"-[IOGPUMetalTexture replaceRegion:mipmapLevel:withBytes:bytesPerRow:]","symbolLocation":56,"imageIndex":4},{"imageOffset":28536,"sourceLine":91,"sourceFile":"MetalPipeline.swift","symbol":"MetalPipeline.createTexture(fromPixelBuffer:pixelFormat:)","imageIndex":0,"symbolLocation":272},{"symbol":"MetalPipeline.packageAll(videoFrame:depthMap:)","inline":true,"imageIndex":0,"imageOffset":41388,"symbolLocation":8,"sourceLine":319,"sourceFile":"MetalPipeline.swift"},{"imageOffset":41388,"sourceLine":248,"sourceFile":"MetalRendererView.swift","symbol":"specialized MetalRendererView.draw(in:)","imageIndex":0,"symbolLocation":520},{"imageOffset":39912,"sourceFile":"\/<compiler-generated>","symbol":"MetalRendererView.draw(in:)","imageIndex":0,"symbolLocation":4,"inline":true},{"imageOffset":39912,"sourceLine":217,"sourceFile":"\/<compiler-generated>","symbol":"@objc MetalRendererView.draw(in:)","imageIndex":0,"symbolLocation":48},{"imageOffset":9608,"symbol":"-[MTKView draw]","symbolLocation":268,"imageIndex":5},{"imageOffset":9308,"symbol":"__23-[MTKView __initCommon]_block_invoke","symbolLocation":40,"imageIndex":5},{"imageOffset":111792,"symbol":"_dispatch_client_callout","symbolLocation":16,"imageIndex":6},{"imageOffset":25032,"symbol":"_dispatch_continuation_pop","symbolLocation":596,"imageIndex":6},{"imageOffset":102832,"symbol":"_dispatch_source_latch_and_call","symbolLocation":392,"imageIndex":6},{"imageOffset":97924,"symbol":"_dispatch_source_invoke","symbolLocation":844,"imageIndex":6},{"imageOffset":234260,"symbol":"_dispatch_main_queue_drain.cold.6","symbolLocation":612,"imageIndex":6},{"imageOffset":68068,"symbol":"_dispatch_main_queue_drain","symbolLocation":176,"imageIndex":6},{"imageOffset":67876,"symbol":"_dispatch_main_queue_callback_4CF","symbolLocation":44,"imageIndex":6},{"imageOffset":763684,"symbol":"__CFRUNLOOP_IS_SERVICING_THE_MAIN_DISPATCH_QUEUE__","symbolLocation":16,"imageIndex":7},{"imageOffset":511160,"symbol":"__CFRunLoopRun","symbolLocation":1944,"imageIndex":7},{"imageOffset":1372612,"symbol":"_CFRunLoopRunSpecificWithOptions","symbolLocation":532,"imageIndex":7},{"imageOffset":775520,"symbol":"RunCurrentEventLoopInMode","symbolLocation":320,"imageIndex":8},{"imageOffset":788668,"symbol":"ReceiveNextEventCommon","symbolLocation":488,"imageIndex":8},{"imageOffset":2400588,"symbol":"_BlockUntilNextEventMatchingListInMode","symbolLocation":48,"imageIndex":8},{"imageOffset":7230300,"symbol":"_DPSBlockUntilNextEventMatchingListInMode","symbolLocation":228,"imageIndex":9},{"imageOffset":233604,"symbol":"_DPSNextEvent","symbolLocation":576,"imageIndex":9},{"imageOffset":12380336,"symbol":"-[NSApplication(NSEventRouting) _nextEventMatchingEventMask:untilDate:inMode:dequeue:]","symbolLocation":688,"imageIndex":9},{"imageOffset":12379580,"symbol":"-[NSApplication(NSEventRouting) nextEventMatchingMask:untilDate:inMode:dequeue:]","symbolLocation":72,"imageIndex":9},{"imageOffset":180540,"symbol":"-[NSApplication run]","symbolLocation":368,"imageIndex":9},{"imageOffset":18352,"symbol":"NSApplicationMain","symbolLocation":880,"imageIndex":9},{"imageOffset":1094780,"symbol":"specialized runApp(_:)","symbolLocation":140,"imageIndex":10},{"imageOffset":4986020,"symbol":"runApp<A>(_:)","symbolLocation":104,"imageIndex":10},{"imageOffset":7918404,"symbol":"static App.main()","symbolLocation":224,"imageIndex":10},{"imageOffset":70528,"sourceFile":"StereoPlayer3DApp.swift","symbol":"static StereoPlayer3DApp.$main()","imageIndex":0,"symbolLocation":24,"inline":true},{"imageOffset":70528,"sourceFile":"StereoPlayer3DApp.swift","symbol":"StereoPlayer3D_main","symbolLocation":36,"imageIndex":0},{"imageOffset":130560,"symbol":"start","symbolLocation":6992,"imageIndex":11}]},{"id":1199818,"name":"com.apple.NSEventThread","threadState":{"x":[{"value":268451845},{"value":21592279046},{"value":8589934592},{"value":102267466285056},{"value":0},{"value":102267466285056},{"value":2},{"value":4294967295},{"value":0},{"value":17179869184},{"value":0},{"value":2},{"value":0},{"value":0},{"value":23811},{"value":0},{"value":18446744073709551569},{"value":8292103952},{"value":0},{"value":4294967295},{"value":2},{"value":102267466285056},{"value":0},{"value":102267466285056},{"value":21592279046},{"value":6174023816},{"value":8589934592},{"value":18446744073709550527},{"value":4412409862}],"flavor":"ARM_THREAD_STATE64","lr":{"value":6455068020},"cpsr":{"value":0},"fp":{"value":6174023664},"sp":{"value":6174023584},"esr":{"value":1442840704,"description":"(Syscall)"},"pc":{"value":6454991924},"far":{"value":0}},"frames":[{"imageOffset":3124,"symbol":"mach_msg2_trap","symbolLocation":8,"imageIndex":13},{"imageOffset":79220,"symbol":"mach_msg2_internal","symbolLocation":76,"imageIndex":13},{"imageOffset":39360,"symbol":"mach_msg_overwrite","symbolLocation":480,"imageIndex":13},{"imageOffset":4032,"symbol":"mach_msg","symbolLocation":24,"imageIndex":13},{"imageOffset":516312,"symbol":"__CFRunLoopServiceMachPort","symbolLocation":160,"imageIndex":7},{"imageOffset":510404,"symbol":"__CFRunLoopRun","symbolLocation":1188,"imageIndex":7},{"imageOffset":1372612,"symbol":"_CFRunLoopRunSpecificWithOptions","symbolLocation":532,"imageIndex":7},{"imageOffset":1420412,"symbol":"_NSEventThread","symbolLocation":184,"imageIndex":9},{"imageOffset":27736,"symbol":"_pthread_start","symbolLocation":136,"imageIndex":14},{"imageOffset":7196,"symbol":"thread_start","symbolLocation":8,"imageIndex":14}]},{"id":1200393,"threadState":{"x":[{"value":268451845},{"value":21592279046},{"value":8589934592},{"value":311535452815360},{"value":0},{"value":311535452815360},{"value":2},{"value":4294967295},{"value":0},{"value":17179869184},{"value":0},{"value":2},{"value":0},{"value":0},{"value":72535},{"value":0},{"value":18446744073709551569},{"value":8292103952},{"value":0},{"value":4294967295},{"value":2},{"value":311535452815360},{"value":0},{"value":311535452815360},{"value":21592279046},{"value":6171729656},{"value":8589934592},{"value":18446744073709550527},{"value":4412409862}],"flavor":"ARM_THREAD_STATE64","lr":{"value":6455068020},"cpsr":{"value":0},"fp":{"value":6171729504},"sp":{"value":6171729424},"esr":{"value":1442840704,"description":"(Syscall)"},"pc":{"value":6454991924},"far":{"value":0}},"queue":"com.apple.root.user-interactive-qos","frames":[{"imageOffset":3124,"symbol":"mach_msg2_trap","symbolLocation":8,"imageIndex":13},{"imageOffset":79220,"symbol":"mach_msg2_internal","symbolLocation":76,"imageIndex":13},{"imageOffset":39360,"symbol":"mach_msg_overwrite","symbolLocation":480,"imageIndex":13},{"imageOffset":4032,"symbol":"mach_msg","symbolLocation":24,"imageIndex":13},{"imageOffset":516312,"symbol":"__CFRunLoopServiceMachPort","symbolLocation":160,"imageIndex":7},{"imageOffset":510404,"symbol":"__CFRunLoopRun","symbolLocation":1188,"imageIndex":7},{"imageOffset":1372612,"symbol":"_CFRunLoopRunSpecificWithOptions","symbolLocation":532,"imageIndex":7},{"imageOffset":367428,"symbol":"-[NSRunLoop(NSRunLoop) runMode:beforeDate:]","symbolLocation":212,"imageIndex":15},{"imageOffset":8433868,"symbol":"-[NSAnimation _runBlocking]","symbolLocation":412,"imageIndex":9},{"imageOffset":6696,"symbol":"_dispatch_call_block_and_release","symbolLocation":32,"imageIndex":6},{"imageOffset":111792,"symbol":"_dispatch_client_callout","symbolLocation":16,"imageIndex":6},{"imageOffset":232812,"symbol":"<deduplicated_symbol>","symbolLocation":28,"imageIndex":6},{"imageOffset":80604,"symbol":"_dispatch_root_queue_drain","symbolLocation":708,"imageIndex":6},{"imageOffset":82208,"symbol":"_dispatch_worker_thread2","symbolLocation":184,"imageIndex":6},{"imageOffset":11908,"symbol":"_pthread_wqthread","symbolLocation":232,"imageIndex":14},{"imageOffset":7184,"symbol":"start_wqthread","symbolLocation":8,"imageIndex":14}]},{"id":1200678,"frames":[],"threadState":{"x":[{"value":6175748096},{"value":54595},{"value":6175211520},{"value":0},{"value":409604},{"value":18446744073709551615},{"value":0},{"value":0},{"value":0},{"value":0},{"value":0},{"value":0},{"value":0},{"value":0},{"value":0},{"value":0},{"value":0},{"value":0},{"value":0},{"value":0},{"value":0},{"value":0},{"value":0},{"value":0},{"value":0},{"value":0},{"value":0},{"value":0},{"value":0}],"flavor":"ARM_THREAD_STATE64","lr":{"value":0},"cpsr":{"value":0},"fp":{"value":0},"sp":{"value":6175748096},"esr":{"value":1442840704,"description":"(Syscall)"},"pc":{"value":6455249928},"far":{"value":0}}},{"id":1200689,"name":"HIE: M_ 70364851aca946ad 2026-06-22 22:59:39.374","threadState":{"x":[{"value":0},{"value":8589934595},{"value":103079220499},{"value":377145373304067},{"value":15483357102080},{"value":377145373229056},{"value":44},{"value":0},{"value":6455205888,"symbolLocation":20,"symbol":"<deduplicated_symbol>"},{"value":1},{"value":39368508400},{"value":7},{"value":6},{"value":39675806160},{"value":8268790024,"symbolLocation":0,"symbol":"_NSConcreteMallocBlock"},{"value":8268790024,"symbolLocation":0,"symbol":"_NSConcreteMallocBlock"},{"value":18446744073709551569},{"value":8292107160},{"value":0},{"value":0},{"value":44},{"value":377145373229056},{"value":15483357102080},{"value":377145373304067},{"value":8589934595},{"value":6176320784},{"value":103079220499},{"value":18446744073709550527},{"value":0}],"flavor":"ARM_THREAD_STATE64","lr":{"value":6455068020},"cpsr":{"value":2147483648},"fp":{"value":6176320768},"sp":{"value":6176320688},"esr":{"value":1442840704,"description":"(Syscall)"},"pc":{"value":6454991924},"far":{"value":0}},"frames":[{"imageOffset":3124,"symbol":"mach_msg2_trap","symbolLocation":8,"imageIndex":13},{"imageOffset":79220,"symbol":"mach_msg2_internal","symbolLocation":76,"imageIndex":13},{"imageOffset":200980,"symbol":"thread_suspend","symbolLocation":108,"imageIndex":13},{"imageOffset":222176,"symbol":"SOME_OTHER_THREAD_SWALLOWED_AT_LEAST_ONE_EXCEPTION","symbolLocation":20,"imageIndex":16},{"imageOffset":342672,"symbol":"__NSThread__start__","symbolLocation":732,"imageIndex":15},{"imageOffset":27736,"symbol":"_pthread_start","symbolLocation":136,"imageIndex":14},{"imageOffset":7196,"symbol":"thread_start","symbolLocation":8,"imageIndex":14}]},{"id":1200852,"frames":[],"threadState":{"x":[{"value":6172880896},{"value":83087},{"value":6172344320},{"value":0},{"value":409604},{"value":18446744073709551615},{"value":0},{"value":0},{"value":0},{"value":0},{"value":0},{"value":0},{"value":0},{"value":0},{"value":0},{"value":0},{"value":0},{"value":0},{"value":0},{"value":0},{"value":0},{"value":0},{"value":0},{"value":0},{"value":0},{"value":0},{"value":0},{"value":0},{"value":0}],"flavor":"ARM_THREAD_STATE64","lr":{"value":0},"cpsr":{"value":0},"fp":{"value":0},"sp":{"value":6172880896},"esr":{"value":1442840704,"description":"(Syscall)"},"pc":{"value":6455249928},"far":{"value":0}}},{"id":1201153,"frames":[],"threadState":{"x":[{"value":6172307456},{"value":81175},{"value":6171770880},{"value":0},{"value":409604},{"value":18446744073709551615},{"value":0},{"value":0},{"value":0},{"value":0},{"value":0},{"value":0},{"value":0},{"value":0},{"value":0},{"value":0},{"value":0},{"value":0},{"value":0},{"value":0},{"value":0},{"value":0},{"value":0},{"value":0},{"value":0},{"value":0},{"value":0},{"value":0},{"value":0}],"flavor":"ARM_THREAD_STATE64","lr":{"value":0},"cpsr":{"value":0},"fp":{"value":0},"sp":{"value":6172307456},"esr":{"value":1442840704,"description":"(Syscall)"},"pc":{"value":6455249928},"far":{"value":0}}},{"id":1201155,"name":"com.apple.coremedia.sharedRootQueue.48","threadState":{"x":[{"value":14},{"value":4294967115611373572},{"value":999999958},{"value":68719460488},{"value":6453512212,"symbolLocation":0,"symbol":"_dispatch_root_queue_push"},{"value":1024},{"value":4192256},{"value":18446726483670988800},{"value":999999958},{"value":3},{"value":13835058055282163714},{"value":80000000},{"value":39679628344},{"value":36028797018963968},{"value":274877906945},{"value":9005068950962176},{"value":18446744073709551578},{"value":8292106432},{"value":0},{"value":2428965029809},{"value":39674789120},{"value":1000000000},{"value":39674788984},{"value":6173454560},{"value":0},{"value":0},{"value":18446744071411073023},{"value":0},{"value":0}],"flavor":"ARM_THREAD_STATE64","lr":{"value":6453673400},"cpsr":{"value":2147483648},"fp":{"value":6173454144},"sp":{"value":6173454112},"esr":{"value":1442840704,"description":"(Syscall)"},"pc":{"value":6454991816},"far":{"value":0}},"frames":[{"imageOffset":3016,"symbol":"semaphore_timedwait_trap","symbolLocation":8,"imageIndex":13},{"imageOffset":224696,"symbol":"_dispatch_sema4_timedwait","symbolLocation":64,"imageIndex":6},{"imageOffset":15080,"symbol":"_dispatch_semaphore_wait_slow","symbolLocation":76,"imageIndex":6},{"imageOffset":79740,"symbol":"_dispatch_worker_thread","symbolLocation":324,"imageIndex":6},{"imageOffset":27736,"symbol":"_pthread_start","symbolLocation":136,"imageIndex":14},{"imageOffset":7196,"symbol":"thread_start","symbolLocation":8,"imageIndex":14}]},{"id":1201156,"name":"com.apple.coremedia.sharedRootQueue.49","threadState":{"x":[{"value":14},{"value":5},{"value":0},{"value":68719460488},{"value":39631043520},{"value":0},{"value":0},{"value":1027},{"value":0},{"value":3},{"value":13835058055282163714},{"value":80000000},{"value":39679628088},{"value":30120951404346328},{"value":49152},{"value":23},{"value":18446744073709551578},{"value":8292106432},{"value":0},{"value":2428965030086},{"value":39674779200},{"value":1000000000},{"value":39674779064},{"value":6174601440},{"value":0},{"value":0},{"value":18446744071411073023},{"value":0},{"value":0}],"flavor":"ARM_THREAD_STATE64","lr":{"value":6453673400},"cpsr":{"value":2147483648},"fp":{"value":6174601024},"sp":{"value":6174600992},"esr":{"value":1442840704,"description":"(Syscall)"},"pc":{"value":6454991816},"far":{"value":0}},"frames":[{"imageOffset":3016,"symbol":"semaphore_timedwait_trap","symbolLocation":8,"imageIndex":13},{"imageOffset":224696,"symbol":"_dispatch_sema4_timedwait","symbolLocation":64,"imageIndex":6},{"imageOffset":15080,"symbol":"_dispatch_semaphore_wait_slow","symbolLocation":76,"imageIndex":6},{"imageOffset":79740,"symbol":"_dispatch_worker_thread","symbolLocation":324,"imageIndex":6},{"imageOffset":27736,"symbol":"_pthread_start","symbolLocation":136,"imageIndex":14},{"imageOffset":7196,"symbol":"thread_start","symbolLocation":8,"imageIndex":14}]},{"id":1201157,"name":"com.apple.coremedia.sharedRootQueue.47","threadState":{"x":[{"value":14},{"value":4294967115611373572},{"value":999999958},{"value":68719460488},{"value":39640658944},{"value":529412},{"value":1},{"value":6175171144},{"value":999999958},{"value":3},{"value":13835058055282163714},{"value":80000000},{"value":39679633976},{"value":0},{"value":2147483648},{"value":24},{"value":18446744073709551578},{"value":8292106432},{"value":0},{"value":2428965004569},{"value":39674780160},{"value":1000000000},{"value":39674780024},{"value":6175174880},{"value":0},{"value":0},{"value":18446744071411073023},{"value":0},{"value":0}],"flavor":"ARM_THREAD_STATE64","lr":{"value":6453673400},"cpsr":{"value":2147483648},"fp":{"value":6175174464},"sp":{"value":6175174432},"esr":{"value":1442840704,"description":"(Syscall)"},"pc":{"value":6454991816},"far":{"value":0}},"frames":[{"imageOffset":3016,"symbol":"semaphore_timedwait_trap","symbolLocation":8,"imageIndex":13},{"imageOffset":224696,"symbol":"_dispatch_sema4_timedwait","symbolLocation":64,"imageIndex":6},{"imageOffset":15080,"symbol":"_dispatch_semaphore_wait_slow","symbolLocation":76,"imageIndex":6},{"imageOffset":79740,"symbol":"_dispatch_worker_thread","symbolLocation":324,"imageIndex":6},{"imageOffset":27736,"symbol":"_pthread_start","symbolLocation":136,"imageIndex":14},{"imageOffset":7196,"symbol":"thread_start","symbolLocation":8,"imageIndex":14}]},{"id":1201159,"name":"com.apple.coremedia.sharedRootQueue.48","threadState":{"x":[{"value":14},{"value":5},{"value":0},{"value":68719460488},{"value":39678898048},{"value":2},{"value":39645625168},{"value":1},{"value":0},{"value":3},{"value":13835058055282163714},{"value":80000000},{"value":9377777627249392},{"value":9360178998751248},{"value":79872},{"value":68},{"value":18446744073709551578},{"value":8292106432},{"value":0},{"value":2428963483596},{"value":39674789120},{"value":1000000000},{"value":39674788984},{"value":6176895200},{"value":0},{"value":0},{"value":18446744071411073023},{"value":0},{"value":0}],"flavor":"ARM_THREAD_STATE64","lr":{"value":6453673400},"cpsr":{"value":2147483648},"fp":{"value":6176894784},"sp":{"value":6176894752},"esr":{"value":1442840704,"description":"(Syscall)"},"pc":{"value":6454991816},"far":{"value":0}},"frames":[{"imageOffset":3016,"symbol":"semaphore_timedwait_trap","symbolLocation":8,"imageIndex":13},{"imageOffset":224696,"symbol":"_dispatch_sema4_timedwait","symbolLocation":64,"imageIndex":6},{"imageOffset":15080,"symbol":"_dispatch_semaphore_wait_slow","symbolLocation":76,"imageIndex":6},{"imageOffset":79740,"symbol":"_dispatch_worker_thread","symbolLocation":324,"imageIndex":6},{"imageOffset":27736,"symbol":"_pthread_start","symbolLocation":136,"imageIndex":14},{"imageOffset":7196,"symbol":"thread_start","symbolLocation":8,"imageIndex":14}]},{"id":1201160,"name":"com.apple.coremedia.sharedRootQueue.47","threadState":{"x":[{"value":14},{"value":4294967115611373572},{"value":999999958},{"value":68719460488},{"value":39640658816},{"value":1},{"value":18446744072631617535},{"value":18446726482597246976},{"value":999999958},{"value":3},{"value":13835058055282163714},{"value":80000000},{"value":39679633976},{"value":0},{"value":2147483648},{"value":24},{"value":18446744073709551578},{"value":8292106432},{"value":0},{"value":2428963604778},{"value":39674780160},{"value":1000000000},{"value":39674780024},{"value":6177468640},{"value":0},{"value":0},{"value":18446744071411073023},{"value":0},{"value":0}],"flavor":"ARM_THREAD_STATE64","lr":{"value":6453673400},"cpsr":{"value":2147483648},"fp":{"value":6177468224},"sp":{"value":6177468192},"esr":{"value":1442840704,"description":"(Syscall)"},"pc":{"value":6454991816},"far":{"value":0}},"frames":[{"imageOffset":3016,"symbol":"semaphore_timedwait_trap","symbolLocation":8,"imageIndex":13},{"imageOffset":224696,"symbol":"_dispatch_sema4_timedwait","symbolLocation":64,"imageIndex":6},{"imageOffset":15080,"symbol":"_dispatch_semaphore_wait_slow","symbolLocation":76,"imageIndex":6},{"imageOffset":79740,"symbol":"_dispatch_worker_thread","symbolLocation":324,"imageIndex":6},{"imageOffset":27736,"symbol":"_pthread_start","symbolLocation":136,"imageIndex":14},{"imageOffset":7196,"symbol":"thread_start","symbolLocation":8,"imageIndex":14}]},{"id":1201161,"name":"com.apple.coremedia.sharedRootQueue.47","threadState":{"x":[{"value":14},{"value":5},{"value":0},{"value":68719460488},{"value":39630905408},{"value":0},{"value":0},{"value":35},{"value":0},{"value":3},{"value":13835058055282163714},{"value":80000000},{"value":12685512339108350},{"value":12667918005578193},{"value":274432},{"value":26},{"value":18446744073709551578},{"value":8292106432},{"value":0},{"value":2428965500393},{"value":39674780160},{"value":1000000000},{"value":39674780024},{"value":6178042080},{"value":0},{"value":0},{"value":18446744071411073023},{"value":0},{"value":0}],"flavor":"ARM_THREAD_STATE64","lr":{"value":6453673400},"cpsr":{"value":2147483648},"fp":{"value":6178041664},"sp":{"value":6178041632},"esr":{"value":1442840704,"description":"(Syscall)"},"pc":{"value":6454991816},"far":{"value":0}},"frames":[{"imageOffset":3016,"symbol":"semaphore_timedwait_trap","symbolLocation":8,"imageIndex":13},{"imageOffset":224696,"symbol":"_dispatch_sema4_timedwait","symbolLocation":64,"imageIndex":6},{"imageOffset":15080,"symbol":"_dispatch_semaphore_wait_slow","symbolLocation":76,"imageIndex":6},{"imageOffset":79740,"symbol":"_dispatch_worker_thread","symbolLocation":324,"imageIndex":6},{"imageOffset":27736,"symbol":"_pthread_start","symbolLocation":136,"imageIndex":14},{"imageOffset":7196,"symbol":"thread_start","symbolLocation":8,"imageIndex":14}]},{"id":1201162,"name":"com.apple.coremedia.videomediaconverter","threadState":{"x":[{"value":260},{"value":0},{"value":1280},{"value":0},{"value":0},{"value":65704},{"value":0},{"value":0},{"value":6178614600},{"value":0},{"value":0},{"value":2},{"value":2},{"value":0},{"value":0},{"value":0},{"value":305},{"value":8292102072},{"value":0},{"value":39631948768},{"value":39679611976},{"value":6178615520},{"value":0},{"value":0},{"value":1280},{"value":1281},{"value":1536},{"value":0},{"value":0}],"flavor":"ARM_THREAD_STATE64","lr":{"value":6455271720},"cpsr":{"value":1610612736},"fp":{"value":6178614720},"sp":{"value":6178614576},"esr":{"value":1442840704,"description":"(Syscall)"},"pc":{"value":6455006476},"far":{"value":0}},"frames":[{"imageOffset":17676,"symbol":"__psynch_cvwait","symbolLocation":8,"imageIndex":13},{"imageOffset":28968,"symbol":"_pthread_cond_wait","symbolLocation":980,"imageIndex":14},{"imageOffset":132668,"symbol":"WaitOnCondition","symbolLocation":72,"imageIndex":17},{"imageOffset":42688,"symbol":"FigSemaphoreWaitRelative","symbolLocation":144,"imageIndex":17},{"imageOffset":3908476,"imageIndex":18},{"imageOffset":126548,"symbol":"figThreadMain","symbolLocation":224,"imageIndex":17},{"imageOffset":27736,"symbol":"_pthread_start","symbolLocation":136,"imageIndex":14},{"imageOffset":7196,"symbol":"thread_start","symbolLocation":8,"imageIndex":14}]},{"id":1201182,"name":"com.apple.coremedia.videomentor","threadState":{"x":[{"value":260},{"value":0},{"value":256},{"value":0},{"value":0},{"value":65704},{"value":0},{"value":0},{"value":6179185784},{"value":0},{"value":0},{"value":2},{"value":2},{"value":0},{"value":0},{"value":0},{"value":305},{"value":8292102072},{"value":0},{"value":39631955648},{"value":39679613128},{"value":6179188960},{"value":0},{"value":0},{"value":256},{"value":257},{"value":512},{"value":12610144343038525532},{"value":0}],"flavor":"ARM_THREAD_STATE64","lr":{"value":6455271720},"cpsr":{"value":1610612736},"fp":{"value":6179185904},"sp":{"value":6179185760},"esr":{"value":1442840704,"description":"(Syscall)"},"pc":{"value":6455006476},"far":{"value":0}},"frames":[{"imageOffset":17676,"symbol":"__psynch_cvwait","symbolLocation":8,"imageIndex":13},{"imageOffset":28968,"symbol":"_pthread_cond_wait","symbolLocation":980,"imageIndex":14},{"imageOffset":132668,"symbol":"WaitOnCondition","symbolLocation":72,"imageIndex":17},{"imageOffset":42688,"symbol":"FigSemaphoreWaitRelative","symbolLocation":144,"imageIndex":17},{"imageOffset":2435848,"imageIndex":18},{"imageOffset":2417308,"imageIndex":18},{"imageOffset":7538216,"imageIndex":18},{"imageOffset":2393284,"imageIndex":18},{"imageOffset":126548,"symbol":"figThreadMain","symbolLocation":224,"imageIndex":17},{"imageOffset":27736,"symbol":"_pthread_start","symbolLocation":136,"imageIndex":14},{"imageOffset":7196,"symbol":"thread_start","symbolLocation":8,"imageIndex":14}]},{"id":1201183,"name":"CVDisplayLink","threadState":{"x":[{"value":260},{"value":0},{"value":256},{"value":0},{"value":0},{"value":65704},{"value":0},{"value":7386583},{"value":769},{"value":0},{"value":0},{"value":2},{"value":2},{"value":0},{"value":0},{"value":0},{"value":305},{"value":8292102072},{"value":0},{"value":39661318200},{"value":39661318264},{"value":1},{"value":7386583},{"value":0},{"value":256},{"value":769},{"value":1024},{"value":8226175320,"symbolLocation":0,"symbol":"kZeroVideoTime"},{"value":2428845689953}],"flavor":"ARM_THREAD_STATE64","lr":{"value":6455271764},"cpsr":{"value":2684354560},"fp":{"value":6179761584},"sp":{"value":6179761440},"esr":{"value":1442840704,"description":"(Syscall)"},"pc":{"value":6455006476},"far":{"value":0}},"frames":[{"imageOffset":17676,"symbol":"__psynch_cvwait","symbolLocation":8,"imageIndex":13},{"imageOffset":29012,"symbol":"_pthread_cond_wait","symbolLocation":1024,"imageIndex":14},{"imageOffset":15172,"symbol":"CVDisplayLink::waitUntil(unsigned long long)","symbolLocation":336,"imageIndex":19},{"imageOffset":11308,"symbol":"CVDisplayLink::runIOThread()","symbolLocation":452,"imageIndex":19},{"imageOffset":27736,"symbol":"_pthread_start","symbolLocation":136,"imageIndex":14},{"imageOffset":7196,"symbol":"thread_start","symbolLocation":8,"imageIndex":14}]},{"id":1201184,"frames":[],"threadState":{"x":[{"value":6180335616},{"value":78787},{"value":6179799040},{"value":0},{"value":409604},{"value":18446744073709551615},{"value":0},{"value":0},{"value":0},{"value":0},{"value":0},{"value":0},{"value":0},{"value":0},{"value":0},{"value":0},{"value":0},{"value":0},{"value":0},{"value":0},{"value":0},{"value":0},{"value":0},{"value":0},{"value":0},{"value":0},{"value":0},{"value":0},{"value":0}],"flavor":"ARM_THREAD_STATE64","lr":{"value":0},"cpsr":{"value":0},"fp":{"value":0},"sp":{"value":6180335616},"esr":{"value":1442840704,"description":"(Syscall)"},"pc":{"value":6455249928},"far":{"value":0}}},{"id":1201185,"frames":[],"threadState":{"x":[{"value":6180909056},{"value":0},{"value":6180372480},{"value":0},{"value":278532},{"value":18446744073709551615},{"value":0},{"value":0},{"value":0},{"value":0},{"value":0},{"value":0},{"value":0},{"value":0},{"value":0},{"value":0},{"value":0},{"value":0},{"value":0},{"value":0},{"value":0},{"value":0},{"value":0},{"value":0},{"value":0},{"value":0},{"value":0},{"value":0},{"value":0}],"flavor":"ARM_THREAD_STATE64","lr":{"value":0},"cpsr":{"value":0},"fp":{"value":0},"sp":{"value":6180909056},"esr":{"value":0},"pc":{"value":6455249928},"far":{"value":0}}}],
  "usedImages" : [
  {
    "source" : "P",
    "arch" : "arm64",
    "base" : 4295704576,
    "CFBundleShortVersionString" : "1.0",
    "CFBundleIdentifier" : "com.stereo3d.player",
    "size" : 196608,
    "uuid" : "a3e66d61-1a99-3313-a7cb-407ebdd2ddf8",
    "path" : "\/Applications\/StereoPlayer3D.app\/Contents\/MacOS\/StereoPlayer3D",
    "name" : "StereoPlayer3D",
    "CFBundleVersion" : "1.0"
  },
  {
    "source" : "P",
    "arch" : "arm64e",
    "base" : 4300226560,
    "size" : 49152,
    "uuid" : "ca58aa96-b997-3a6d-9132-19d49be4b3e9",
    "path" : "\/usr\/lib\/libobjc-trampolines.dylib",
    "name" : "libobjc-trampolines.dylib"
  },
  {
    "source" : "P",
    "arch" : "arm64e",
    "base" : 4790009856,
    "CFBundleShortVersionString" : "351.2",
    "CFBundleIdentifier" : "com.apple.AGXMetalG17X",
    "size" : 10207232,
    "uuid" : "81e8aeac-3aa5-3303-a8d0-b18b74a6d94b",
    "path" : "\/System\/Library\/Extensions\/AGXMetalG17X.bundle\/Contents\/MacOS\/AGXMetalG17X",
    "name" : "AGXMetalG17X",
    "CFBundleVersion" : "351.2"
  },
  {
    "source" : "P",
    "arch" : "arm64e",
    "base" : 4909236224,
    "CFBundleShortVersionString" : "7.0",
    "CFBundleIdentifier" : "com.apple.audio.codecs.Components",
    "size" : 9928704,
    "uuid" : "0f483193-d206-362b-9874-0100bccb9cbd",
    "path" : "\/System\/Library\/Components\/AudioCodecs.component\/Contents\/MacOS\/AudioCodecs",
    "name" : "AudioCodecs",
    "CFBundleVersion" : "7.0"
  },
  {
    "source" : "P",
    "arch" : "arm64e",
    "base" : 7077740544,
    "CFBundleShortVersionString" : "130.13",
    "CFBundleIdentifier" : "com.apple.IOGPU",
    "size" : 332736,
    "uuid" : "fd5f1640-117e-34d6-a25b-8c171f05f2eb",
    "path" : "\/System\/Library\/PrivateFrameworks\/IOGPU.framework\/Versions\/A\/IOGPU",
    "name" : "IOGPU",
    "CFBundleVersion" : "130.13"
  },
  {
    "source" : "P",
    "arch" : "arm64e",
    "base" : 6825250816,
    "CFBundleShortVersionString" : "173.7",
    "CFBundleIdentifier" : "com.apple.MetalKit",
    "size" : 124096,
    "uuid" : "3363cca6-8191-39c6-b60e-f92bedbe0497",
    "path" : "\/System\/Library\/Frameworks\/MetalKit.framework\/Versions\/A\/MetalKit",
    "name" : "MetalKit",
    "CFBundleVersion" : "173.7"
  },
  {
    "source" : "P",
    "arch" : "arm64e",
    "base" : 6453448704,
    "size" : 291392,
    "uuid" : "f071efe4-299f-3089-acc4-0025b8ffb52a",
    "path" : "\/usr\/lib\/system\/libdispatch.dylib",
    "name" : "libdispatch.dylib"
  },
  {
    "source" : "P",
    "arch" : "arm64e",
    "base" : 6455529472,
    "CFBundleShortVersionString" : "6.9",
    "CFBundleIdentifier" : "com.apple.CoreFoundation",
    "size" : 5628704,
    "uuid" : "04e3598b-f226-3250-b3b2-ce938dd4db7e",
    "path" : "\/System\/Library\/Frameworks\/CoreFoundation.framework\/Versions\/A\/CoreFoundation",
    "name" : "CoreFoundation",
    "CFBundleVersion" : "5026.5.4"
  },
  {
    "source" : "P",
    "arch" : "arm64e",
    "base" : 6671163392,
    "CFBundleShortVersionString" : "2.1.1",
    "CFBundleIdentifier" : "com.apple.HIToolbox",
    "size" : 3125536,
    "uuid" : "8716490e-acc2-3688-8c2f-5ca42b4c9da9",
    "path" : "\/System\/Library\/Frameworks\/Carbon.framework\/Versions\/A\/Frameworks\/HIToolbox.framework\/Versions\/A\/HIToolbox",
    "name" : "HIToolbox"
  },
  {
    "source" : "P",
    "arch" : "arm64e",
    "base" : 6527299584,
    "CFBundleShortVersionString" : "6.9",
    "CFBundleIdentifier" : "com.apple.AppKit",
    "size" : 24260512,
    "uuid" : "cf57a4fc-4be3-3d95-b543-d744e8718b26",
    "path" : "\/System\/Library\/Frameworks\/AppKit.framework\/Versions\/C\/AppKit",
    "name" : "AppKit",
    "CFBundleVersion" : "2685.60.104"
  },
  {
    "source" : "P",
    "arch" : "arm64e",
    "base" : 7341436928,
    "CFBundleShortVersionString" : "7.5.3",
    "CFBundleIdentifier" : "com.apple.SwiftUI",
    "size" : 24418176,
    "uuid" : "90f7fa24-a280-3e8a-a62d-148b11bfc28d",
    "path" : "\/System\/Library\/Frameworks\/SwiftUI.framework\/Versions\/A\/SwiftUI",
    "name" : "SwiftUI",
    "CFBundleVersion" : "7.5.3"
  },
  {
    "source" : "P",
    "arch" : "arm64e",
    "base" : 6451216384,
    "size" : 680472,
    "uuid" : "a237ef81-b68b-37ba-a165-92c965529534",
    "path" : "\/usr\/lib\/dyld",
    "name" : "dyld"
  },
  {
    "size" : 0,
    "source" : "A",
    "base" : 0,
    "uuid" : "00000000-0000-0000-0000-000000000000"
  },
  {
    "source" : "P",
    "arch" : "arm64e",
    "base" : 6454988800,
    "size" : 250544,
    "uuid" : "cc1cf985-bc65-3725-809f-4c1e36b8f4ba",
    "path" : "\/usr\/lib\/system\/libsystem_kernel.dylib",
    "name" : "libsystem_kernel.dylib"
  },
  {
    "source" : "P",
    "arch" : "arm64e",
    "base" : 6455242752,
    "size" : 52028,
    "uuid" : "4f33683c-18c8-39a1-800b-2e3bd43bcc13",
    "path" : "\/usr\/lib\/system\/libsystem_pthread.dylib",
    "name" : "libsystem_pthread.dylib"
  },
  {
    "source" : "P",
    "arch" : "arm64e",
    "base" : 6481141760,
    "CFBundleShortVersionString" : "6.9",
    "CFBundleIdentifier" : "com.apple.Foundation",
    "size" : 16655392,
    "uuid" : "49dd529f-1708-3767-997b-1a4639a07536",
    "path" : "\/System\/Library\/Frameworks\/Foundation.framework\/Versions\/C\/Foundation",
    "name" : "Foundation",
    "CFBundleVersion" : "5026.5.4"
  },
  {
    "source" : "P",
    "arch" : "arm64e",
    "base" : 6579642368,
    "CFBundleShortVersionString" : "1.22",
    "CFBundleIdentifier" : "com.apple.HIServices",
    "size" : 439136,
    "uuid" : "34c40608-353d-3a06-bbf1-6b927cb8b39d",
    "path" : "\/System\/Library\/Frameworks\/ApplicationServices.framework\/Versions\/A\/Frameworks\/HIServices.framework\/Versions\/A\/HIServices",
    "name" : "HIServices"
  },
  {
    "source" : "P",
    "arch" : "arm64e",
    "base" : 6666502144,
    "CFBundleShortVersionString" : "1.0",
    "CFBundleIdentifier" : "com.apple.CoreMedia",
    "size" : 1708704,
    "uuid" : "a762a5d3-6049-3849-891b-5805936dac48",
    "path" : "\/System\/Library\/Frameworks\/CoreMedia.framework\/Versions\/A\/CoreMedia",
    "name" : "CoreMedia",
    "CFBundleVersion" : "3320.8.5.1"
  },
  {
    "source" : "P",
    "arch" : "arm64e",
    "base" : 6769512448,
    "CFBundleShortVersionString" : "1.0",
    "CFBundleIdentifier" : "com.apple.MediaToolbox",
    "size" : 11138912,
    "uuid" : "12cc95b3-944f-309c-b13e-d16aa459f1f0",
    "path" : "\/System\/Library\/Frameworks\/MediaToolbox.framework\/Versions\/A\/MediaToolbox",
    "name" : "MediaToolbox",
    "CFBundleVersion" : "3320.8.5.1"
  },
  {
    "source" : "P",
    "arch" : "arm64e",
    "base" : 6633246720,
    "CFBundleShortVersionString" : "1.8",
    "CFBundleIdentifier" : "com.apple.CoreVideo",
    "size" : 526432,
    "uuid" : "8a36cb95-d65e-3838-8837-22fd9a7e3d9c",
    "path" : "\/System\/Library\/Frameworks\/CoreVideo.framework\/Versions\/A\/CoreVideo",
    "name" : "CoreVideo",
    "CFBundleVersion" : "734.4"
  }
],
  "sharedCache" : {
  "base" : 6450085888,
  "size" : 5990596608,
  "uuid" : "ff7119a7-f64d-305d-8135-7e6eb1c207d1"
},
  "vmSummary" : "ReadOnly portion of Libraries: Total=1.8G resident=0K(0%) swapped_out_or_unallocated=1.8G(100%)\nWritable regions: Total=314.6M written=769K(0%) resident=769K(0%) swapped_out=0K(0%) unallocated=313.9M(100%)\n\n                                VIRTUAL   REGION \nREGION TYPE                        SIZE    COUNT (non-coalesced) \n===========                     =======  ======= \nAccelerate framework               128K        1 \nActivity Tracing                   256K        1 \nAttributeGraph Data               1024K        1 \nCG image                           352K        8 \nColorSync                           16K        1 \nCoreAnimation                      992K       48 \nCoreGraphics                        48K        3 \nCoreMedia memory pool              336K        3 \nCoreUI image data                  624K        5 \nDispatch continuations           144.0M        2 \nFoundation                          16K        1 \nKernel Alloc Once                   32K        1 \nMALLOC                            85.8M       29 \nMALLOC guard page                 3536K        4 \nMemory Tag 22                     64.0M        1 \nSTACK GUARD                       56.3M       18 \nStack                             17.0M       18 \nVM_ALLOCATE                        112K        7 \n__AUTH                            6345K      661 \n__AUTH_CONST                      92.7M     1054 \n__CTF                               824        1 \n__DATA                            38.7M     1001 \n__DATA_CONST                      35.2M     1062 \n__DATA_DIRTY                      9185K      906 \n__FONT_DATA                        2352        1 \n__LINKEDIT                       577.2M        5 \n__OBJC_RO                         79.1M        1 \n__OBJC_RW                         2599K        1 \n__TEXT                             1.3G     1084 \n__TPRO_CONST                       128K        2 \nmapped file                      310.9M       41 \npage table in kernel               769K        1 \nshared memory                     1440K       16 \n===========                     =======  ======= \nTOTAL                              2.8G     5989 \n",
  "legacyInfo" : {
  "threadTriggered" : {
    "queue" : "com.apple.main-thread"
  }
},
  "logWritingSignature" : "5df175d91959501885de06b29a1351e64dc255c0",
  "bug_type" : "309",
  "roots_installed" : 0,
  "trmStatus" : 1,
  "voucherInfos" : [{"originatorName":"com.apple.appkit.xpc.openAndSav","proximateName":"com.apple.appkit.xpc.openAndSav","thread_id":1201162},{"originatorName":"com.apple.appkit.xpc.openAndSav","proximateName":"com.apple.appkit.xpc.openAndSav","thread_id":1201182}],
  "trialInfo" : {
  "rollouts" : [
    {
      "rolloutId" : "6297d96be2c9387df974efa4",
      "factorPackIds" : [

      ],
      "deploymentId" : 240000032
    },
    {
      "rolloutId" : "661464ecda55e5192b100804",
      "factorPackIds" : [

      ],
      "deploymentId" : 240000005
    }
  ],
  "experiments" : [

  ]
}
}
