METALRENDER makeNSView
SETUPMTK device=true, frame=(0.0, 0.0, 0.0, 0.0)
METALLIB bundle URL: /Users/doug/Code/StereoPlayer3D/StereoPlayer3D.app/Contents/Resources/StereoWarp.metal
METALLIB source compile OK: ["SBSFragment", "SBSVertex", "fillHoles", "stereoWarp"]
MetalPipeline.init () done, library=OK
WARNING: DepthEstimator failed: Unable to load model: file:///Users/doug/Code/StereoPlayer3D/StereoPlayer3D.app/Contents/Resources/DepthAnythingV2SmallF16.mlmodelc/. Compile the model with Xcode or `MLModel.compileModel(at:)`. 
         App will run in SYNTHETIC DEPTH MODE (no real depth estimation)
METALRENDER updateNSView frame=(0.0, 0.0, 0.0, 0.0)
METALRENDER sizeThatFits proposal=Optional(1920.0)xOptional(0.0)
METALRENDER sizeThatFits proposal=Optional(1920.0)xOptional(inf)
METALRENDER sizeThatFits proposal=Optional(1920.0)xOptional(1041.0)
MAINWINDOW onAppear fire
VIEWWINDOW window=true, bounds=(0.0, 0.0, 1920.0, 1041.0)
DISPLAYLINK added
METALRENDER sizeThatFits proposal=Optional(1920.0)xOptional(0.0)
METALRENDER sizeThatFits proposal=Optional(1920.0)xOptional(inf)
METALRENDER sizeThatFits proposal=Optional(1920.0)xOptional(1041.0)
VIEWLAYOUT bounds=(0.0, 0.0, 1920.0, 1041.0)
LOADVIDEO before loadVideo
LOADVIDEO after loadVideo
LOADVIDEO after start
LOADVIDEO window=true, bounds=(0.0, 0.0, 1920.0, 1041.0)
LOADVIDEO deferred isPaused=false, needsDisplay=true, window=true, bounds=(0.0, 0.0, 1920.0, 1041.0)
DRAW fired, isPaused=false, isHidden=false, drawableSize=(inf, inf)
VIDEO: format=1111970369 w=1920 h=1080 base=NIL bppr=7680
WARNING: Running in SYNTHETIC DEPTH MODE — no real depth estimation available
         Stereoscopy will use a synthetic radial gradient (not real scene-aware)
DEPTH: format=1111970369 w=1920 h=1080 base=NIL bppr=7680
pkgAll start: videoFmt=1111970369 depthFmt=1111970369
createTexture auto: cvFmt=1111970369 metalFmt=80
createTexture: IOSurface detected, GPU path
createTextureIOSurface: iso w=1920 h=1080 bpr=7680 fmt=80
createTextureIOSurface: SHARED OK w=1920 h=1080
pkgAll video OK
createTexture auto: cvFmt=1111970369 metalFmt=80
createTexture: no IOSurface, CPU replaceRegion OK w=1920 h=1080 bpr=7680
pkgAll depth OK
COMPOSE warp shader OK
RPIPELINE OK
DRAW fired, isPaused=false, isHidden=false, drawableSize=(inf, inf)
VIDEO: format=1111970369 w=1920 h=1080 base=NIL bppr=7680
DEPTH: format=1111970369 w=1920 h=1080 base=NIL bppr=7680
pkgAll start: videoFmt=1111970369 depthFmt=1111970369
createTexture auto: cvFmt=1111970369 metalFmt=80
createTexture: IOSurface detected, GPU path
createTextureIOSurface: iso w=1920 h=1080 bpr=7680 fmt=80
createTextureIOSurface: SHARED OK w=1920 h=1080
pkgAll video OK
createTexture auto: cvFmt=1111970369 metalFmt=80
createTexture: no IOSurface, CPU replaceRegion OK w=1920 h=1080 bpr=7680
pkgAll depth OK
COMPOSE warp shader OK
DRAW fired, isPaused=false, isHidden=false, drawableSize=(inf, inf)
VIDEO: format=1111970369 w=1920 h=1080 base=NIL bppr=7680
DEPTH: format=1111970369 w=1920 h=1080 base=NIL bppr=7680
pkgAll start: videoFmt=1111970369 depthFmt=1111970369
createTexture auto: cvFmt=1111970369 metalFmt=80
createTexture: IOSurface detected, GPU path
createTextureIOSurface: iso w=1920 h=1080 bpr=7680 fmt=80
createTextureIOSurface: SHARED OK w=1920 h=1080
pkgAll video OK
createTexture auto: cvFmt=1111970369 metalFmt=80
createTexture: no IOSurface, CPU replaceRegion OK w=1920 h=1080 bpr=7680
pkgAll depth OK
COMPOSE warp shader OK
DRAW fired, isPaused=false, isHidden=false, drawableSize=(inf, inf)
VIDEO: format=1111970369 w=1920 h=1080 base=NIL bppr=7680
DEPTH: format=1111970369 w=1920 h=1080 base=NIL bppr=7680
pkgAll start: videoFmt=1111970369 depthFmt=1111970369
createTexture auto: cvFmt=1111970369 metalFmt=80
createTexture: IOSurface detected, GPU path
createTextureIOSurface: iso w=1920 h=1080 bpr=7680 fmt=80
createTextureIOSurface: SHARED OK w=1920 h=1080
pkgAll video OK
createTexture auto: cvFmt=1111970369 metalFmt=80
createTexture: no IOSurface, CPU replaceRegion OK w=1920 h=1080 bpr=7680
pkgAll depth OK
COMPOSE warp shader OK
DRAW fired, isPaused=false, isHidden=false, drawableSize=(inf, inf)
VIDEO: format=1111970369 w=1920 h=1080 base=NIL bppr=7680
DEPTH: format=1111970369 w=1920 h=1080 base=NIL bppr=7680
pkgAll start: videoFmt=1111970369 depthFmt=1111970369
createTexture auto: cvFmt=1111970369 metalFmt=80
createTexture: IOSurface detected, GPU path
createTextureIOSurface: iso w=1920 h=1080 bpr=7680 fmt=80
createTextureIOSurface: SHARED OK w=1920 h=1080
pkgAll video OK
createTexture auto: cvFmt=1111970369 metalFmt=80
createTexture: no IOSurface, CPU replaceRegion OK w=1920 h=1080 bpr=7680
pkgAll depth OK
COMPOSE warp shader OK
DRAW fired, isPaused=false, isHidden=false, drawableSize=(inf, inf)
VIDEO: format=1111970369 w=1920 h=1080 base=NIL bppr=7680
DEPTH: format=1111970369 w=1920 h=1080 base=NIL bppr=7680
pkgAll start: videoFmt=1111970369 depthFmt=1111970369
createTexture auto: cvFmt=1111970369 metalFmt=80
createTexture: IOSurface detected, GPU path
createTextureIOSurface: iso w=1920 h=1080 bpr=7680 fmt=80
createTextureIOSurface: SHARED OK w=1920 h=1080
pkgAll video OK
createTexture auto: cvFmt=1111970369 metalFmt=80
createTexture: no IOSurface, CPU replaceRegion OK w=1920 h=1080 bpr=7680
pkgAll depth OK
COMPOSE warp shader OK
DRAW fired, isPaused=false, isHidden=false, drawableSize=(inf, inf)
VIDEO: format=1111970369 w=1920 h=1080 base=NIL bppr=7680
DEPTH: format=1111970369 w=1920 h=1080 base=NIL bppr=7680
pkgAll start: videoFmt=1111970369 depthFmt=1111970369
createTexture auto: cvFmt=1111970369 metalFmt=80
createTexture: IOSurface detected, GPU path
createTextureIOSurface: iso w=1920 h=1080 bpr=7680 fmt=80
createTextureIOSurface: SHARED OK w=1920 h=1080
pkgAll video OK
createTexture auto: cvFmt=1111970369 metalFmt=80
createTexture: no IOSurface, CPU replaceRegion OK w=1920 h=1080 bpr=7680
pkgAll depth OK
COMPOSE warp shader OK
DRAW fired, isPaused=false, isHidden=false, drawableSize=(inf, inf)
VIDEO: format=1111970369 w=1920 h=1080 base=NIL bppr=7680
DEPTH: format=1111970369 w=1920 h=1080 base=NIL bppr=7680
pkgAll start: videoFmt=1111970369 depthFmt=1111970369
createTexture auto: cvFmt=1111970369 metalFmt=80
createTexture: IOSurface detected, GPU path
createTextureIOSurface: iso w=1920 h=1080 bpr=7680 fmt=80
createTextureIOSurface: SHARED OK w=1920 h=1080
pkgAll video OK
createTexture auto: cvFmt=1111970369 metalFmt=80
createTexture: no IOSurface, CPU replaceRegion OK w=1920 h=1080 bpr=7680
pkgAll depth OK
COMPOSE warp shader OK
DRAW fired, isPaused=false, isHidden=false, drawableSize=(inf, inf)
VIDEO: format=1111970369 w=1920 h=1080 base=NIL bppr=7680
DEPTH: format=1111970369 w=1920 h=1080 base=NIL bppr=7680
pkgAll start: videoFmt=1111970369 depthFmt=1111970369
createTexture auto: cvFmt=1111970369 metalFmt=80
createTexture: IOSurface detected, GPU path
createTextureIOSurface: iso w=1920 h=1080 bpr=7680 fmt=80
createTextureIOSurface: SHARED OK w=1920 h=1080
pkgAll video OK
createTexture auto: cvFmt=1111970369 metalFmt=80
createTexture: no IOSurface, CPU replaceRegion OK w=1920 h=1080 bpr=7680
pkgAll depth OK
COMPOSE warp shader OK
DRAW fired, isPaused=false, isHidden=false, drawableSize=(inf, inf)
VIDEO: format=1111970369 w=1920 h=1080 base=NIL bppr=7680
DEPTH: format=1111970369 w=1920 h=1080 base=NIL bppr=7680
pkgAll start: videoFmt=1111970369 depthFmt=1111970369
createTexture auto: cvFmt=1111970369 metalFmt=80
createTexture: IOSurface detected, GPU path
createTextureIOSurface: iso w=1920 h=1080 bpr=7680 fmt=80
createTextureIOSurface: SHARED OK w=1920 h=1080
pkgAll video OK
createTexture auto: cvFmt=1111970369 metalFmt=80
createTexture: no IOSurface, CPU replaceRegion OK w=1920 h=1080 bpr=7680
pkgAll depth OK
COMPOSE warp shader OK
DRAW fired, isPaused=false, isHidden=false, drawableSize=(inf, inf)
VIDEO: format=1111970369 w=1920 h=1080 base=NIL bppr=7680
DEPTH: format=1111970369 w=1920 h=1080 base=NIL bppr=7680
pkgAll start: videoFmt=1111970369 depthFmt=1111970369
createTexture auto: cvFmt=1111970369 metalFmt=80
createTexture: IOSurface detected, GPU path
createTextureIOSurface: iso w=1920 h=1080 bpr=7680 fmt=80
createTextureIOSurface: SHARED OK w=1920 h=1080
pkgAll video OK
createTexture auto: cvFmt=1111970369 metalFmt=80
createTexture: no IOSurface, CPU replaceRegion OK w=1920 h=1080 bpr=7680
pkgAll depth OK
COMPOSE warp shader OK
DRAW fired, isPaused=false, isHidden=false, drawableSize=(inf, inf)
VIDEO: format=1111970369 w=1920 h=1080 base=NIL bppr=7680
DEPTH: format=1111970369 w=1920 h=1080 base=NIL bppr=7680
pkgAll start: videoFmt=1111970369 depthFmt=1111970369
createTexture auto: cvFmt=1111970369 metalFmt=80
createTexture: IOSurface detected, GPU path
createTextureIOSurface: iso w=1920 h=1080 bpr=7680 fmt=80
createTextureIOSurface: SHARED OK w=1920 h=1080
pkgAll video OK
createTexture auto: cvFmt=1111970369 metalFmt=80
createTexture: no IOSurface, CPU replaceRegion OK w=1920 h=1080 bpr=7680
pkgAll depth OK
COMPOSE warp shader OK
DRAW fired, isPaused=false, isHidden=false, drawableSize=(inf, inf)
VIDEO: format=1111970369 w=1920 h=1080 base=NIL bppr=7680
DEPTH: format=1111970369 w=1920 h=1080 base=NIL bppr=7680
pkgAll start: videoFmt=1111970369 depthFmt=1111970369
createTexture auto: cvFmt=1111970369 metalFmt=80
createTexture: IOSurface detected, GPU path
createTextureIOSurface: iso w=1920 h=1080 bpr=7680 fmt=80
createTextureIOSurface: SHARED OK w=1920 h=1080
pkgAll video OK
createTexture auto: cvFmt=1111970369 metalFmt=80
createTexture: no IOSurface, CPU replaceRegion OK w=1920 h=1080 bpr=7680
pkgAll depth OK
COMPOSE warp shader OK
DRAW fired, isPaused=false, isHidden=false, drawableSize=(inf, inf)
VIDEO: format=1111970369 w=1920 h=1080 base=NIL bppr=7680
DEPTH: format=1111970369 w=1920 h=1080 base=NIL bppr=7680
pkgAll start: videoFmt=1111970369 depthFmt=1111970369
createTexture auto: cvFmt=1111970369 metalFmt=80
createTexture: IOSurface detected, GPU path
createTextureIOSurface: iso w=1920 h=1080 bpr=7680 fmt=80
createTextureIOSurface: SHARED OK w=1920 h=1080
pkgAll video OK
createTexture auto: cvFmt=1111970369 metalFmt=80
createTexture: no IOSurface, CPU replaceRegion OK w=1920 h=1080 bpr=7680
pkgAll depth OK
COMPOSE warp shader OK
DRAW fired, isPaused=false, isHidden=false, drawableSize=(inf, inf)
VIDEO: format=1111970369 w=1920 h=1080 base=NIL bppr=7680
DEPTH: format=1111970369 w=1920 h=1080 base=NIL bppr=7680
pkgAll start: videoFmt=1111970369 depthFmt=1111970369
createTexture auto: cvFmt=1111970369 metalFmt=80
createTexture: IOSurface detected, GPU path
createTextureIOSurface: iso w=1920 h=1080 bpr=7680 fmt=80
createTextureIOSurface: SHARED OK w=1920 h=1080
pkgAll video OK
createTexture auto: cvFmt=1111970369 metalFmt=80
createTexture: no IOSurface, CPU replaceRegion OK w=1920 h=1080 bpr=7680
pkgAll depth OK
COMPOSE warp shader OK
DRAW fired, isPaused=false, isHidden=false, drawableSize=(inf, inf)
VIDEO: format=1111970369 w=1920 h=1080 base=NIL bppr=7680
DEPTH: format=1111970369 w=1920 h=1080 base=NIL bppr=7680
pkgAll start: videoFmt=1111970369 depthFmt=1111970369
createTexture auto: cvFmt=1111970369 metalFmt=80
createTexture: IOSurface detected, GPU path
createTextureIOSurface: iso w=1920 h=1080 bpr=7680 fmt=80
createTextureIOSurface: SHARED OK w=1920 h=1080
pkgAll video OK
createTexture auto: cvFmt=1111970369 metalFmt=80
createTexture: no IOSurface, CPU replaceRegion OK w=1920 h=1080 bpr=7680
pkgAll depth OK
COMPOSE warp shader OK
DRAW fired, isPaused=false, isHidden=false, drawableSize=(inf, inf)
VIDEO: format=1111970369 w=1920 h=1080 base=NIL bppr=7680
DEPTH: format=1111970369 w=1920 h=1080 base=NIL bppr=7680
pkgAll start: videoFmt=1111970369 depthFmt=1111970369
createTexture auto: cvFmt=1111970369 metalFmt=80
createTexture: IOSurface detected, GPU path
createTextureIOSurface: iso w=1920 h=1080 bpr=7680 fmt=80
createTextureIOSurface: SHARED OK w=1920 h=1080
pkgAll video OK
createTexture auto: cvFmt=1111970369 metalFmt=80
createTexture: no IOSurface, CPU replaceRegion OK w=1920 h=1080 bpr=7680
pkgAll depth OK
COMPOSE warp shader OK
DRAW fired, isPaused=false, isHidden=false, drawableSize=(inf, inf)
VIDEO: format=1111970369 w=1920 h=1080 base=NIL bppr=7680
DEPTH: format=1111970369 w=1920 h=1080 base=NIL bppr=7680
pkgAll start: videoFmt=1111970369 depthFmt=1111970369
createTexture auto: cvFmt=1111970369 metalFmt=80
createTexture: IOSurface detected, GPU path
createTextureIOSurface: iso w=1920 h=1080 bpr=7680 fmt=80
createTextureIOSurface: SHARED OK w=1920 h=1080
pkgAll video OK
createTexture auto: cvFmt=1111970369 metalFmt=80
createTexture: no IOSurface, CPU replaceRegion OK w=1920 h=1080 bpr=7680
pkgAll depth OK
COMPOSE warp shader OK
DRAW fired, isPaused=false, isHidden=false, drawableSize=(inf, inf)
VIDEO: format=1111970369 w=1920 h=1080 base=NIL bppr=7680
DEPTH: format=1111970369 w=1920 h=1080 base=NIL bppr=7680
pkgAll start: videoFmt=1111970369 depthFmt=1111970369
createTexture auto: cvFmt=1111970369 metalFmt=80
createTexture: IOSurface detected, GPU path
createTextureIOSurface: iso w=1920 h=1080 bpr=7680 fmt=80
createTextureIOSurface: SHARED OK w=1920 h=1080
pkgAll video OK
createTexture auto: cvFmt=1111970369 metalFmt=80
createTexture: no IOSurface, CPU replaceRegion OK w=1920 h=1080 bpr=7680
pkgAll depth OK
COMPOSE warp shader OK
DRAW fired, isPaused=false, isHidden=false, drawableSize=(inf, inf)
VIDEO: format=1111970369 w=1920 h=1080 base=NIL bppr=7680
DEPTH: format=1111970369 w=1920 h=1080 base=NIL bppr=7680
pkgAll start: videoFmt=1111970369 depthFmt=1111970369
createTexture auto: cvFmt=1111970369 metalFmt=80
createTexture: IOSurface detected, GPU path
createTextureIOSurface: iso w=1920 h=1080 bpr=7680 fmt=80
createTextureIOSurface: SHARED OK w=1920 h=1080
pkgAll video OK
createTexture auto: cvFmt=1111970369 metalFmt=80
createTexture: no IOSurface, CPU replaceRegion OK w=1920 h=1080 bpr=7680
pkgAll depth OK
COMPOSE warp shader OK
DRAW fired, isPaused=false, isHidden=false, drawableSize=(inf, inf)
VIDEO: format=1111970369 w=1920 h=1080 base=NIL bppr=7680
DEPTH: format=1111970369 w=1920 h=1080 base=NIL bppr=7680
pkgAll start: videoFmt=1111970369 depthFmt=1111970369
createTexture auto: cvFmt=1111970369 metalFmt=80
createTexture: IOSurface detected, GPU path
createTextureIOSurface: iso w=1920 h=1080 bpr=7680 fmt=80
createTextureIOSurface: SHARED OK w=1920 h=1080
pkgAll video OK
createTexture auto: cvFmt=1111970369 metalFmt=80
createTexture: no IOSurface, CPU replaceRegion OK w=1920 h=1080 bpr=7680
pkgAll depth OK
COMPOSE warp shader OK
DRAW fired, isPaused=false, isHidden=false, drawableSize=(inf, inf)
VIDEO: format=1111970369 w=1920 h=1080 base=NIL bppr=7680
DEPTH: format=1111970369 w=1920 h=1080 base=NIL bppr=7680
pkgAll start: videoFmt=1111970369 depthFmt=1111970369
createTexture auto: cvFmt=1111970369 metalFmt=80
createTexture: IOSurface detected, GPU path
createTextureIOSurface: iso w=1920 h=1080 bpr=7680 fmt=80
createTextureIOSurface: SHARED OK w=1920 h=1080
pkgAll video OK
createTexture auto: cvFmt=1111970369 metalFmt=80
createTexture: no IOSurface, CPU replaceRegion OK w=1920 h=1080 bpr=7680
pkgAll depth OK
COMPOSE warp shader OK
DRAW fired, isPaused=false, isHidden=false, drawableSize=(inf, inf)
VIDEO: format=1111970369 w=1920 h=1080 base=NIL bppr=7680
DEPTH: format=1111970369 w=1920 h=1080 base=NIL bppr=7680
pkgAll start: videoFmt=1111970369 depthFmt=1111970369
createTexture auto: cvFmt=1111970369 metalFmt=80
createTexture: IOSurface detected, GPU path
createTextureIOSurface: iso w=1920 h=1080 bpr=7680 fmt=80
createTextureIOSurface: SHARED OK w=1920 h=1080
pkgAll video OK
createTexture auto: cvFmt=1111970369 metalFmt=80
createTexture: no IOSurface, CPU replaceRegion OK w=1920 h=1080 bpr=7680
pkgAll depth OK
COMPOSE warp shader OK
DRAW fired, isPaused=false, isHidden=false, drawableSize=(inf, inf)
VIDEO: format=1111970369 w=1920 h=1080 base=NIL bppr=7680
DEPTH: format=1111970369 w=1920 h=1080 base=NIL bppr=7680
pkgAll start: videoFmt=1111970369 depthFmt=1111970369
createTexture auto: cvFmt=1111970369 metalFmt=80
createTexture: IOSurface detected, GPU path
createTextureIOSurface: iso w=1920 h=1080 bpr=7680 fmt=80
createTextureIOSurface: SHARED OK w=1920 h=1080
pkgAll video OK
createTexture auto: cvFmt=1111970369 metalFmt=80
createTexture: no IOSurface, CPU replaceRegion OK w=1920 h=1080 bpr=7680
pkgAll depth OK
COMPOSE warp shader OK
DRAW fired, isPaused=false, isHidden=false, drawableSize=(inf, inf)
VIDEO: format=1111970369 w=1920 h=1080 base=NIL bppr=7680
DEPTH: format=1111970369 w=1920 h=1080 base=NIL bppr=7680
pkgAll start: videoFmt=1111970369 depthFmt=1111970369
createTexture auto: cvFmt=1111970369 metalFmt=80
createTexture: IOSurface detected, GPU path
createTextureIOSurface: iso w=1920 h=1080 bpr=7680 fmt=80
createTextureIOSurface: SHARED OK w=1920 h=1080
pkgAll video OK
createTexture auto: cvFmt=1111970369 metalFmt=80
createTexture: no IOSurface, CPU replaceRegion OK w=1920 h=1080 bpr=7680
pkgAll depth OK
COMPOSE warp shader OK
DRAW fired, isPaused=false, isHidden=false, drawableSize=(inf, inf)
VIDEO: format=1111970369 w=1920 h=1080 base=NIL bppr=7680
DEPTH: format=1111970369 w=1920 h=1080 base=NIL bppr=7680
pkgAll start: videoFmt=1111970369 depthFmt=1111970369
createTexture auto: cvFmt=1111970369 metalFmt=80
createTexture: IOSurface detected, GPU path
createTextureIOSurface: iso w=1920 h=1080 bpr=7680 fmt=80
createTextureIOSurface: SHARED OK w=1920 h=1080
pkgAll video OK
createTexture auto: cvFmt=1111970369 metalFmt=80
createTexture: no IOSurface, CPU replaceRegion OK w=1920 h=1080 bpr=7680
pkgAll depth OK
COMPOSE warp shader OK
DRAW fired, isPaused=false, isHidden=false, drawableSize=(inf, inf)
VIDEO: format=1111970369 w=1920 h=1080 base=NIL bppr=7680
DEPTH: format=1111970369 w=1920 h=1080 base=NIL bppr=7680
pkgAll start: videoFmt=1111970369 depthFmt=1111970369
createTexture auto: cvFmt=1111970369 metalFmt=80
createTexture: IOSurface detected, GPU path
createTextureIOSurface: iso w=1920 h=1080 bpr=7680 fmt=80
createTextureIOSurface: SHARED OK w=1920 h=1080
pkgAll video OK
createTexture auto: cvFmt=1111970369 metalFmt=80
createTexture: no IOSurface, CPU replaceRegion OK w=1920 h=1080 bpr=7680
pkgAll depth OK
COMPOSE warp shader OK
DRAW fired, isPaused=false, isHidden=false, drawableSize=(inf, inf)
VIDEO: format=1111970369 w=1920 h=1080 base=NIL bppr=7680
DEPTH: format=1111970369 w=1920 h=1080 base=NIL bppr=7680
pkgAll start: videoFmt=1111970369 depthFmt=1111970369
createTexture auto: cvFmt=1111970369 metalFmt=80
createTexture: IOSurface detected, GPU path
createTextureIOSurface: iso w=1920 h=1080 bpr=7680 fmt=80
createTextureIOSurface: SHARED OK w=1920 h=1080
pkgAll video OK
createTexture auto: cvFmt=1111970369 metalFmt=80
createTexture: no IOSurface, CPU replaceRegion OK w=1920 h=1080 bpr=7680
pkgAll depth OK
COMPOSE warp shader OK
DRAW fired, isPaused=false, isHidden=false, drawableSize=(inf, inf)
VIDEO: format=1111970369 w=1920 h=1080 base=NIL bppr=7680
DEPTH: format=1111970369 w=1920 h=1080 base=NIL bppr=7680
pkgAll start: videoFmt=1111970369 depthFmt=1111970369
createTexture auto: cvFmt=1111970369 metalFmt=80
createTexture: IOSurface detected, GPU path
createTextureIOSurface: iso w=1920 h=1080 bpr=7680 fmt=80
createTextureIOSurface: SHARED OK w=1920 h=1080
pkgAll video OK
createTexture auto: cvFmt=1111970369 metalFmt=80
createTexture: no IOSurface, CPU replaceRegion OK w=1920 h=1080 bpr=7680
pkgAll depth OK
COMPOSE warp shader OK
DRAW fired, isPaused=false, isHidden=false, drawableSize=(inf, inf)
VIDEO: format=1111970369 w=1920 h=1080 base=NIL bppr=7680
DEPTH: format=1111970369 w=1920 h=1080 base=NIL bppr=7680
pkgAll start: videoFmt=1111970369 depthFmt=1111970369
createTexture auto: cvFmt=1111970369 metalFmt=80
createTexture: IOSurface detected, GPU path
createTextureIOSurface: iso w=1920 h=1080 bpr=7680 fmt=80
createTextureIOSurface: SHARED OK w=1920 h=1080
pkgAll video OK
createTexture auto: cvFmt=1111970369 metalFmt=80
createTexture: no IOSurface, CPU replaceRegion OK w=1920 h=1080 bpr=7680
pkgAll depth OK
COMPOSE warp shader OK
DRAW fired, isPaused=false, isHidden=false, drawableSize=(inf, inf)
VIDEO: format=1111970369 w=1920 h=1080 base=NIL bppr=7680
DEPTH: format=1111970369 w=1920 h=1080 base=NIL bppr=7680
pkgAll start: videoFmt=1111970369 depthFmt=1111970369
createTexture auto: cvFmt=1111970369 metalFmt=80
createTexture: IOSurface detected, GPU path
createTextureIOSurface: iso w=1920 h=1080 bpr=7680 fmt=80
createTextureIOSurface: SHARED OK w=1920 h=1080
pkgAll video OK
createTexture auto: cvFmt=1111970369 metalFmt=80
createTexture: no IOSurface, CPU replaceRegion OK w=1920 h=1080 bpr=7680
pkgAll depth OK
COMPOSE warp shader OK
DRAW fired, isPaused=false, isHidden=false, drawableSize=(inf, inf)
VIDEO: format=1111970369 w=1920 h=1080 base=NIL bppr=7680
DEPTH: format=1111970369 w=1920 h=1080 base=NIL bppr=7680
pkgAll start: videoFmt=1111970369 depthFmt=1111970369
createTexture auto: cvFmt=1111970369 metalFmt=80
createTexture: IOSurface detected, GPU path
createTextureIOSurface: iso w=1920 h=1080 bpr=7680 fmt=80
createTextureIOSurface: SHARED OK w=1920 h=1080
pkgAll video OK
createTexture auto: cvFmt=1111970369 metalFmt=80
createTexture: no IOSurface, CPU replaceRegion OK w=1920 h=1080 bpr=7680
pkgAll depth OK
COMPOSE warp shader OK
DRAW fired, isPaused=false, isHidden=false, drawableSize=(inf, inf)
VIDEO: format=1111970369 w=1920 h=1080 base=NIL bppr=7680
DEPTH: format=1111970369 w=1920 h=1080 base=NIL bppr=7680
pkgAll start: videoFmt=1111970369 depthFmt=1111970369
createTexture auto: cvFmt=1111970369 metalFmt=80
createTexture: IOSurface detected, GPU path
createTextureIOSurface: iso w=1920 h=1080 bpr=7680 fmt=80
createTextureIOSurface: SHARED OK w=1920 h=1080
pkgAll video OK
createTexture auto: cvFmt=1111970369 metalFmt=80
createTexture: no IOSurface, CPU replaceRegion OK w=1920 h=1080 bpr=7680
pkgAll depth OK
COMPOSE warp shader OK
DRAW fired, isPaused=false, isHidden=false, drawableSize=(inf, inf)
VIDEO: format=1111970369 w=1920 h=1080 base=NIL bppr=7680
DEPTH: format=1111970369 w=1920 h=1080 base=NIL bppr=7680
pkgAll start: videoFmt=1111970369 depthFmt=1111970369
createTexture auto: cvFmt=1111970369 metalFmt=80
createTexture: IOSurface detected, GPU path
createTextureIOSurface: iso w=1920 h=1080 bpr=7680 fmt=80
createTextureIOSurface: SHARED OK w=1920 h=1080
pkgAll video OK
createTexture auto: cvFmt=1111970369 metalFmt=80
createTexture: no IOSurface, CPU replaceRegion OK w=1920 h=1080 bpr=7680
pkgAll depth OK
COMPOSE warp shader OK
DRAW fired, isPaused=false, isHidden=false, drawableSize=(inf, inf)
VIDEO: format=1111970369 w=1920 h=1080 base=NIL bppr=7680
DEPTH: format=1111970369 w=1920 h=1080 base=NIL bppr=7680
pkgAll start: videoFmt=1111970369 depthFmt=1111970369
createTexture auto: cvFmt=1111970369 metalFmt=80
createTexture: IOSurface detected, GPU path
createTextureIOSurface: iso w=1920 h=1080 bpr=7680 fmt=80
createTextureIOSurface: SHARED OK w=1920 h=1080
pkgAll video OK
createTexture auto: cvFmt=1111970369 metalFmt=80
createTexture: no IOSurface, CPU replaceRegion OK w=1920 h=1080 bpr=7680
pkgAll depth OK
COMPOSE warp shader OK
DRAW fired, isPaused=false, isHidden=false, drawableSize=(inf, inf)
VIDEO: format=1111970369 w=1920 h=1080 base=NIL bppr=7680
DEPTH: format=1111970369 w=1920 h=1080 base=NIL bppr=7680
pkgAll start: videoFmt=1111970369 depthFmt=1111970369
createTexture auto: cvFmt=1111970369 metalFmt=80
createTexture: IOSurface detected, GPU path
createTextureIOSurface: iso w=1920 h=1080 bpr=7680 fmt=80
createTextureIOSurface: SHARED OK w=1920 h=1080
pkgAll video OK
createTexture auto: cvFmt=1111970369 metalFmt=80
createTexture: no IOSurface, CPU replaceRegion OK w=1920 h=1080 bpr=7680
pkgAll depth OK
COMPOSE warp shader OK
DRAW fired, isPaused=false, isHidden=false, drawableSize=(inf, inf)
VIDEO: format=1111970369 w=1920 h=1080 base=NIL bppr=7680
DEPTH: format=1111970369 w=1920 h=1080 base=NIL bppr=7680
pkgAll start: videoFmt=1111970369 depthFmt=1111970369
createTexture auto: cvFmt=1111970369 metalFmt=80
createTexture: IOSurface detected, GPU path
createTextureIOSurface: iso w=1920 h=1080 bpr=7680 fmt=80
createTextureIOSurface: SHARED OK w=1920 h=1080
pkgAll video OK
createTexture auto: cvFmt=1111970369 metalFmt=80
createTexture: no IOSurface, CPU replaceRegion OK w=1920 h=1080 bpr=7680
pkgAll depth OK
COMPOSE warp shader OK
DRAW fired, isPaused=false, isHidden=false, drawableSize=(inf, inf)
VIDEO: format=1111970369 w=1920 h=1080 base=NIL bppr=7680
DEPTH: format=1111970369 w=1920 h=1080 base=NIL bppr=7680
pkgAll start: videoFmt=1111970369 depthFmt=1111970369
createTexture auto: cvFmt=1111970369 metalFmt=80
createTexture: IOSurface detected, GPU path
createTextureIOSurface: iso w=1920 h=1080 bpr=7680 fmt=80
createTextureIOSurface: SHARED OK w=1920 h=1080
pkgAll video OK
createTexture auto: cvFmt=1111970369 metalFmt=80
createTexture: no IOSurface, CPU replaceRegion OK w=1920 h=1080 bpr=7680
pkgAll depth OK
COMPOSE warp shader OK
DRAW fired, isPaused=false, isHidden=false, drawableSize=(inf, inf)
VIDEO: format=1111970369 w=1920 h=1080 base=NIL bppr=7680
DEPTH: format=1111970369 w=1920 h=1080 base=NIL bppr=7680
pkgAll start: videoFmt=1111970369 depthFmt=1111970369
createTexture auto: cvFmt=1111970369 metalFmt=80
createTexture: IOSurface detected, GPU path
createTextureIOSurface: iso w=1920 h=1080 bpr=7680 fmt=80
createTextureIOSurface: SHARED OK w=1920 h=1080
pkgAll video OK
createTexture auto: cvFmt=1111970369 metalFmt=80
createTexture: no IOSurface, CPU replaceRegion OK w=1920 h=1080 bpr=7680
pkgAll depth OK
COMPOSE warp shader OK
DRAW fired, isPaused=false, isHidden=false, drawableSize=(inf, inf)
VIDEO: format=1111970369 w=1920 h=1080 base=NIL bppr=7680
DEPTH: format=1111970369 w=1920 h=1080 base=NIL bppr=7680
pkgAll start: videoFmt=1111970369 depthFmt=1111970369
createTexture auto: cvFmt=1111970369 metalFmt=80
createTexture: IOSurface detected, GPU path
createTextureIOSurface: iso w=1920 h=1080 bpr=7680 fmt=80
createTextureIOSurface: SHARED OK w=1920 h=1080
pkgAll video OK
createTexture auto: cvFmt=1111970369 metalFmt=80
createTexture: no IOSurface, CPU replaceRegion OK w=1920 h=1080 bpr=7680
pkgAll depth OK
COMPOSE warp shader OK
DRAW fired, isPaused=false, isHidden=false, drawableSize=(inf, inf)
VIDEO: format=1111970369 w=1920 h=1080 base=NIL bppr=7680
DEPTH: format=1111970369 w=1920 h=1080 base=NIL bppr=7680
pkgAll start: videoFmt=1111970369 depthFmt=1111970369
createTexture auto: cvFmt=1111970369 metalFmt=80
createTexture: IOSurface detected, GPU path
createTextureIOSurface: iso w=1920 h=1080 bpr=7680 fmt=80
createTextureIOSurface: SHARED OK w=1920 h=1080
pkgAll video OK
createTexture auto: cvFmt=1111970369 metalFmt=80
createTexture: no IOSurface, CPU replaceRegion OK w=1920 h=1080 bpr=7680
pkgAll depth OK
COMPOSE warp shader OK
DRAW fired, isPaused=false, isHidden=false, drawableSize=(inf, inf)
VIDEO: format=1111970369 w=1920 h=1080 base=NIL bppr=7680
DEPTH: format=1111970369 w=1920 h=1080 base=NIL bppr=7680
pkgAll start: videoFmt=1111970369 depthFmt=1111970369
createTexture auto: cvFmt=1111970369 metalFmt=80
createTexture: IOSurface detected, GPU path
createTextureIOSurface: iso w=1920 h=1080 bpr=7680 fmt=80
createTextureIOSurface: SHARED OK w=1920 h=1080
pkgAll video OK
createTexture auto: cvFmt=1111970369 metalFmt=80
createTexture: no IOSurface, CPU replaceRegion OK w=1920 h=1080 bpr=7680
pkgAll depth OK
COMPOSE warp shader OK
DRAW fired, isPaused=false, isHidden=false, drawableSize=(inf, inf)
VIDEO: format=1111970369 w=1920 h=1080 base=NIL bppr=7680
DEPTH: format=1111970369 w=1920 h=1080 base=NIL bppr=7680
pkgAll start: videoFmt=1111970369 depthFmt=1111970369
createTexture auto: cvFmt=1111970369 metalFmt=80
createTexture: IOSurface detected, GPU path
createTextureIOSurface: iso w=1920 h=1080 bpr=7680 fmt=80
createTextureIOSurface: SHARED OK w=1920 h=1080
pkgAll video OK
createTexture auto: cvFmt=1111970369 metalFmt=80
createTexture: no IOSurface, CPU replaceRegion OK w=1920 h=1080 bpr=7680
pkgAll depth OK
COMPOSE warp shader OK
DRAW fired, isPaused=false, isHidden=false, drawableSize=(inf, inf)
VIDEO: format=1111970369 w=1920 h=1080 base=NIL bppr=7680
DEPTH: format=1111970369 w=1920 h=1080 base=NIL bppr=7680
pkgAll start: videoFmt=1111970369 depthFmt=1111970369
createTexture auto: cvFmt=1111970369 metalFmt=80
createTexture: IOSurface detected, GPU path
createTextureIOSurface: iso w=1920 h=1080 bpr=7680 fmt=80
createTextureIOSurface: SHARED OK w=1920 h=1080
pkgAll video OK
createTexture auto: cvFmt=1111970369 metalFmt=80
createTexture: no IOSurface, CPU replaceRegion OK w=1920 h=1080 bpr=7680
pkgAll depth OK
COMPOSE warp shader OK
DRAW fired, isPaused=false, isHidden=false, drawableSize=(inf, inf)
VIDEO: format=1111970369 w=1920 h=1080 base=NIL bppr=7680
DEPTH: format=1111970369 w=1920 h=1080 base=NIL bppr=7680
pkgAll start: videoFmt=1111970369 depthFmt=1111970369
createTexture auto: cvFmt=1111970369 metalFmt=80
createTexture: IOSurface detected, GPU path
createTextureIOSurface: iso w=1920 h=1080 bpr=7680 fmt=80
createTextureIOSurface: SHARED OK w=1920 h=1080
pkgAll video OK
createTexture auto: cvFmt=1111970369 metalFmt=80
createTexture: no IOSurface, CPU replaceRegion OK w=1920 h=1080 bpr=7680
pkgAll depth OK
COMPOSE warp shader OK
